TN:
SF:/home/intel/ros2_overlay_ws/src/ros2_openvino_toolkit/dynamic_vino_lib/include/dynamic_vino_lib/common.hpp
FN:142,_ZlsRSoPKN15InferenceEngine7VersionE
FN:210,_Z18printPluginVersionN15InferenceEngine7details9SOPointerINS_16IInferencePluginENS0_18SharedObjectLoaderEEERSo
FNDA:10,_Z18printPluginVersionN15InferenceEngine7details9SOPointerINS_16IInferencePluginENS0_18SharedObjectLoaderEEERSo
FNDA:10,_ZlsRSoPKN15InferenceEngine7VersionE
FNF:2
FNH:2
BRDA:145,4294967295,0,0
BRDA:145,4294967295,1,10
BRDA:149,4294967295,0,10
BRDA:149,4294967295,1,0
BRDA:153,0,0,10
BRDA:153,0,1,0
BRF:6
BRH:3
DA:142,10
DA:144,10
DA:145,10
DA:146,0
DA:148,20
DA:149,10
DA:151,10
DA:153,10
DA:155,10
DA:158,10
DA:210,10
DA:212,10
DA:213,10
DA:214,10
DA:215,10
LF:15
LH:14
end_of_record
TN:
SF:/home/intel/ros2_overlay_ws/src/ros2_openvino_toolkit/dynamic_vino_lib/include/dynamic_vino_lib/engines/engine.hpp
FNF:0
FNH:0
DA:34,14
LF:1
LH:1
end_of_record
TN:
SF:/home/intel/ros2_overlay_ws/src/ros2_openvino_toolkit/dynamic_vino_lib/include/dynamic_vino_lib/inferences/age_gender_detection.hpp
FN:75,_ZN16dynamic_vino_lib18AgeGenderDetectionD0Ev
FNDA:0,_ZN16dynamic_vino_lib18AgeGenderDetectionD0Ev
FNDA:3,_ZN16dynamic_vino_lib18AgeGenderDetectionD2Ev
FNF:2
FNH:1
DA:44,46
DA:75,6
LF:2
LH:2
end_of_record
TN:
SF:/home/intel/ros2_overlay_ws/src/ros2_openvino_toolkit/dynamic_vino_lib/include/dynamic_vino_lib/inferences/base_filter.hpp
FN:35,_ZN16dynamic_vino_lib10BaseFilterD2Ev
FNDA:8,_ZN16dynamic_vino_lib10BaseFilterD2Ev
FNF:1
FNH:1
DA:35,16
LF:1
LH:1
end_of_record
TN:
SF:/home/intel/ros2_overlay_ws/src/ros2_openvino_toolkit/dynamic_vino_lib/include/dynamic_vino_lib/inferences/base_inference.hpp
FN:93,_ZN16dynamic_vino_lib13BaseInferenceD0Ev
FNDA:16,_ZN16dynamic_vino_lib13BaseInference7enqueueIhEEbRKN2cv3MatERKNS2_5Rect_IiEEfiRKNSt7__cxx1112basic_stringIcSt11char_traitsIcESaIcEEE
FNDA:0,_ZN16dynamic_vino_lib13BaseInferenceD0Ev
FNDA:16,_Z11matU8ToBlobIhEvRKN2cv3MatERSt10shared_ptrIN15InferenceEngine4BlobEEfi
FNDA:17,_ZN16dynamic_vino_lib13BaseInferenceC2Ev
FNDA:32,_ZN16dynamic_vino_lib13BaseInference7enqueueIfEEbRKN2cv3MatERKNS2_5Rect_IiEEfiRKNSt7__cxx1112basic_stringIcSt11char_traitsIcESaIcEEE
FNDA:32,_Z11matU8ToBlobIfEvRKN2cv3MatERSt10shared_ptrIN15InferenceEngine4BlobEEfi
FNDA:17,_ZN16dynamic_vino_lib13BaseInferenceD2Ev
FNF:7
FNH:6
BRDA:53,0,1,48
BRDA:53,0,2,0
BRDA:54,0,0,0
BRDA:54,0,1,48
BRDA:54,1,2,-
BRDA:54,1,3,-
BRDA:55,0,1,48
BRDA:55,0,2,0
BRDA:59,0,0,144
BRDA:59,0,1,48
BRDA:60,0,0,8928
BRDA:60,0,1,144
BRDA:61,0,0,553920
BRDA:61,0,1,8928
BRDA:189,0,0,0
BRDA:189,0,1,48
BRDA:190,0,3,-
BRDA:190,0,4,-
BRDA:190,1,6,-
BRDA:190,1,7,-
BRDA:190,2,9,-
BRDA:190,2,10,-
BRDA:190,3,12,-
BRDA:190,3,13,-
BRDA:195,4294967295,1,48
BRDA:195,4294967295,2,0
BRF:26
BRH:11
DA:43,48
DA:47,48
DA:48,48
DA:49,48
DA:50,48
DA:51,48
DA:53,96
DA:54,48
DA:55,48
DA:57,48
DA:59,192
DA:60,9072
DA:61,562848
DA:62,935040
DA:63,1488960
DA:67,48
DA:93,34
DA:131,14
DA:185,48
DA:189,48
DA:190,0
DA:192,0
DA:194,48
DA:195,48
DA:196,48
LF:25
LH:23
end_of_record
TN:
SF:/home/intel/ros2_overlay_ws/src/ros2_openvino_toolkit/dynamic_vino_lib/include/dynamic_vino_lib/inferences/base_reidentification.hpp
FNF:0
FNH:0
BRDA:85,0,1,-
BRDA:85,0,2,-
BRDA:85,2,4,-
BRDA:85,2,5,-
BRDA:85,3,7,-
BRDA:85,3,8,-
BRF:6
BRH:0
DA:35,0
DA:85,0
LF:2
LH:0
end_of_record
TN:
SF:/home/intel/ros2_overlay_ws/src/ros2_openvino_toolkit/dynamic_vino_lib/include/dynamic_vino_lib/inferences/emotions_detection.hpp
FN:41,_ZN16dynamic_vino_lib14EmotionsResultC2ERKS0_
FN:64,_ZN16dynamic_vino_lib17EmotionsDetectionD0Ev
FNDA:3,_ZN16dynamic_vino_lib17EmotionsDetectionD2Ev
FNDA:0,_ZN16dynamic_vino_lib17EmotionsDetectionD0Ev
FNDA:32,_ZN16dynamic_vino_lib14EmotionsResultC2ERKS0_
FNF:3
FNH:2
DA:41,46
DA:64,9
LF:2
LH:2
end_of_record
TN:
SF:/home/intel/ros2_overlay_ws/src/ros2_openvino_toolkit/dynamic_vino_lib/include/dynamic_vino_lib/inferences/face_detection.hpp
FN:54,_ZN16dynamic_vino_lib13FaceDetectionD0Ev
FN:54,_ZN16dynamic_vino_lib13FaceDetectionD2Ev
FNDA:0,_ZN16dynamic_vino_lib13FaceDetectionD2Ev
FNDA:0,_ZN16dynamic_vino_lib13FaceDetectionD0Ev
FNF:2
FNH:0
BRDA:44,0,1,-
BRDA:44,0,2,-
BRF:2
BRH:0
DA:44,0
DA:54,0
LF:2
LH:0
end_of_record
TN:
SF:/home/intel/ros2_overlay_ws/src/ros2_openvino_toolkit/dynamic_vino_lib/include/dynamic_vino_lib/inferences/face_reidentification.hpp
FN:38,_ZN16dynamic_vino_lib26FaceReidentificationResultC2ERKS0_
FN:53,_ZN16dynamic_vino_lib20FaceReidentificationD0Ev
FNDA:0,_ZN16dynamic_vino_lib20FaceReidentificationD2Ev
FNDA:0,_ZN16dynamic_vino_lib20FaceReidentificationD0Ev
FNDA:0,_ZN16dynamic_vino_lib26FaceReidentificationResultC2ERKS0_
FNF:3
FNH:0
DA:38,0
DA:53,0
LF:2
LH:0
end_of_record
TN:
SF:/home/intel/ros2_overlay_ws/src/ros2_openvino_toolkit/dynamic_vino_lib/include/dynamic_vino_lib/inferences/head_pose_detection.hpp
FN:78,_ZN16dynamic_vino_lib17HeadPoseDetectionD0Ev
FNDA:0,_ZN16dynamic_vino_lib17HeadPoseDetectionD0Ev
FNDA:3,_ZN16dynamic_vino_lib17HeadPoseDetectionD2Ev
FNF:2
FNH:1
DA:38,46
DA:78,6
LF:2
LH:2
end_of_record
TN:
SF:/home/intel/ros2_overlay_ws/src/ros2_openvino_toolkit/dynamic_vino_lib/include/dynamic_vino_lib/inferences/landmarks_detection.hpp
FN:54,_ZN16dynamic_vino_lib18LandmarksDetectionD0Ev
FNDA:0,_ZN16dynamic_vino_lib18LandmarksDetectionD0Ev
FNDA:0,_ZN16dynamic_vino_lib18LandmarksDetectionD2Ev
FNF:2
FNH:0
BRDA:37,0,1,-
BRDA:37,0,2,-
BRDA:37,3,5,-
BRDA:37,3,6,-
BRDA:44,0,1,-
BRDA:44,0,2,-
BRF:6
BRH:0
DA:37,0
DA:44,0
DA:54,0
LF:3
LH:0
end_of_record
TN:
SF:/home/intel/ros2_overlay_ws/src/ros2_openvino_toolkit/dynamic_vino_lib/include/dynamic_vino_lib/inferences/license_plate_detection.hpp
FN:37,_ZN16dynamic_vino_lib27LicensePlateDetectionResultC2ERKS0_
FN:54,_ZN16dynamic_vino_lib21LicensePlateDetectionD0Ev
FNDA:0,_ZN16dynamic_vino_lib21LicensePlateDetectionD0Ev
FNDA:0,_ZN16dynamic_vino_lib21LicensePlateDetectionD2Ev
FNDA:0,_ZN16dynamic_vino_lib27LicensePlateDetectionResultC2ERKS0_
FNF:3
FNH:0
DA:37,0
DA:54,0
LF:2
LH:0
end_of_record
TN:
SF:/home/intel/ros2_overlay_ws/src/ros2_openvino_toolkit/dynamic_vino_lib/include/dynamic_vino_lib/inferences/object_detection.hpp
FN:43,_ZN16dynamic_vino_lib21ObjectDetectionResultC2ERKS0_
FN:85,_ZN16dynamic_vino_lib27ObjectDetectionResultFilterD2Ev
FN:141,_ZN16dynamic_vino_lib15ObjectDetectionD0Ev
FNDA:0,_ZN16dynamic_vino_lib15ObjectDetectionD0Ev
FNDA:8,_ZN16dynamic_vino_lib27ObjectDetectionResultFilterD2Ev
FNDA:70,_ZN16dynamic_vino_lib21ObjectDetectionResultC2ERKS0_
FNDA:8,_ZN16dynamic_vino_lib15ObjectDetectionD2Ev
FNF:4
FNH:3
DA:43,90
DA:68,22
DA:85,24
DA:141,24
LF:4
LH:4
end_of_record
TN:
SF:/home/intel/ros2_overlay_ws/src/ros2_openvino_toolkit/dynamic_vino_lib/include/dynamic_vino_lib/inferences/object_segmentation.hpp
FN:40,_ZN16dynamic_vino_lib24ObjectSegmentationResultD2Ev
FN:40,_ZN16dynamic_vino_lib24ObjectSegmentationResultC2ERKS0_
FN:71,_ZN16dynamic_vino_lib18ObjectSegmentationD0Ev
FNDA:0,_ZN16dynamic_vino_lib18ObjectSegmentationD0Ev
FNDA:0,_ZN16dynamic_vino_lib24ObjectSegmentationResultC2ERKS0_
FNDA:0,_ZN16dynamic_vino_lib24ObjectSegmentationResultD2Ev
FNDA:0,_ZN16dynamic_vino_lib18ObjectSegmentationD2Ev
FNF:4
FNH:0
BRDA:40,0,1,-
BRDA:40,0,2,-
BRDA:59,0,1,-
BRDA:59,0,2,-
BRF:4
BRH:0
DA:40,0
DA:59,0
DA:71,0
LF:3
LH:0
end_of_record
TN:
SF:/home/intel/ros2_overlay_ws/src/ros2_openvino_toolkit/dynamic_vino_lib/include/dynamic_vino_lib/inferences/person_attribs_detection.hpp
FN:37,_ZN16dynamic_vino_lib28PersonAttribsDetectionResultC2ERKS0_
FN:59,_ZN16dynamic_vino_lib22PersonAttribsDetectionD0Ev
FNDA:0,_ZN16dynamic_vino_lib22PersonAttribsDetectionD0Ev
FNDA:0,_ZN16dynamic_vino_lib22PersonAttribsDetectionD2Ev
FNDA:0,_ZN16dynamic_vino_lib28PersonAttribsDetectionResultC2ERKS0_
FNF:3
FNH:0
DA:37,0
DA:48,0
DA:59,0
LF:3
LH:0
end_of_record
TN:
SF:/home/intel/ros2_overlay_ws/src/ros2_openvino_toolkit/dynamic_vino_lib/include/dynamic_vino_lib/inferences/person_reidentification.hpp
FN:38,_ZN16dynamic_vino_lib28PersonReidentificationResultC2ERKS0_
FN:52,_ZN16dynamic_vino_lib22PersonReidentificationD0Ev
FNDA:0,_ZN16dynamic_vino_lib22PersonReidentificationD0Ev
FNDA:0,_ZN16dynamic_vino_lib28PersonReidentificationResultC2ERKS0_
FNDA:0,_ZN16dynamic_vino_lib22PersonReidentificationD2Ev
FNF:3
FNH:0
DA:38,0
DA:52,0
LF:2
LH:0
end_of_record
TN:
SF:/home/intel/ros2_overlay_ws/src/ros2_openvino_toolkit/dynamic_vino_lib/include/dynamic_vino_lib/inferences/vehicle_attribs_detection.hpp
FN:37,_ZN16dynamic_vino_lib29VehicleAttribsDetectionResultD2Ev
FN:37,_ZN16dynamic_vino_lib29VehicleAttribsDetectionResultC2ERKS0_
FN:37,_ZN16dynamic_vino_lib29VehicleAttribsDetectionResultC2EOS0_
FN:59,_ZN16dynamic_vino_lib23VehicleAttribsDetectionD0Ev
FNDA:0,_ZN16dynamic_vino_lib29VehicleAttribsDetectionResultC2EOS0_
FNDA:0,_ZN16dynamic_vino_lib29VehicleAttribsDetectionResultD2Ev
FNDA:0,_ZN16dynamic_vino_lib23VehicleAttribsDetectionD2Ev
FNDA:0,_ZN16dynamic_vino_lib23VehicleAttribsDetectionD0Ev
FNDA:0,_ZN16dynamic_vino_lib29VehicleAttribsDetectionResultC2ERKS0_
FNF:5
FNH:0
DA:37,0
DA:59,0
LF:2
LH:0
end_of_record
TN:
SF:/home/intel/ros2_overlay_ws/src/ros2_openvino_toolkit/dynamic_vino_lib/include/dynamic_vino_lib/inputs/base_input.hpp
FN:46,_ZN5Input12MutexCounterC2Ei
FN:52,_ZN5Input12MutexCounter15increaseCounterEv
FN:58,_ZN5Input12MutexCounter15decreaseCounterEv
FN:75,_ZN5Input15BaseInputDeviceC2Ev
FN:101,_ZN5Input15BaseInputDevice11readServiceEPN2cv3MatENSt7__cxx1112basic_stringIcSt11char_traitsIcESaIcEEE
FN:105,_ZN5Input15BaseInputDevice6configERKNS_6ConfigE
FN:106,_ZN5Input15BaseInputDeviceD0Ev
FN:106,_ZN5Input15BaseInputDeviceD2Ev
FN:159,_ZN5Input15BaseInputDevice9setHeaderENSt7__cxx1112basic_stringIcSt11char_traitsIcESaIcEEE
FNDA:0,_ZN5Input15BaseInputDevice6configERKNS_6ConfigE
FNDA:0,_ZN5Input12MutexCounterC2Ei
FNDA:0,_ZN5Input15BaseInputDeviceD0Ev
FNDA:0,_ZN5Input12MutexCounter15increaseCounterEv
FNDA:4,_ZN5Input15BaseInputDevice9setHeaderENSt7__cxx1112basic_stringIcSt11char_traitsIcESaIcEEE
FNDA:0,_ZN5Input12MutexCounter15decreaseCounterEv
FNDA:0,_ZN5Input15BaseInputDevice11readServiceEPN2cv3MatENSt7__cxx1112basic_stringIcSt11char_traitsIcESaIcEEE
FNDA:10,_ZN5Input15BaseInputDeviceD2Ev
FNDA:10,_ZN5Input15BaseInputDeviceC2Ev
FNF:9
FNH:3
BRDA:75,1,1,10
BRDA:75,1,2,0
BRF:2
BRH:1
DA:38,0
DA:43,0
DA:46,0
DA:47,0
DA:48,0
DA:50,0
DA:52,0
DA:54,0
DA:56,0
DA:58,0
DA:60,0
DA:62,0
DA:75,10
DA:101,0
DA:103,0
DA:105,0
DA:106,10
DA:121,12
DA:137,12
DA:153,8
DA:159,4
DA:161,4
DA:162,4
DA:164,4
DA:165,4
DA:166,4
LF:26
LH:11
end_of_record
TN:
SF:/home/intel/ros2_overlay_ws/src/ros2_openvino_toolkit/dynamic_vino_lib/include/dynamic_vino_lib/inputs/image_input.hpp
FN:32,_ZN5Input5ImageD2Ev
FN:32,_ZN5Input5ImageD0Ev
FN:47,_ZN5Input5Image10initializeEi
FN:56,_ZN5Input5Image10initializeEmm
FNDA:0,_ZN5Input5Image10initializeEi
FNDA:0,_ZN5Input5ImageD0Ev
FNDA:4,_ZN5Input5ImageD2Ev
FNDA:0,_ZN5Input5Image10initializeEmm
FNF:4
FNH:1
DA:32,8
DA:47,0
DA:49,0
DA:56,0
DA:58,0
LF:5
LH:1
end_of_record
TN:
SF:/home/intel/ros2_overlay_ws/src/ros2_openvino_toolkit/dynamic_vino_lib/include/dynamic_vino_lib/inputs/ip_camera.hpp
FN:33,_ZN5Input8IpCameraD0Ev
FN:33,_ZN5Input8IpCameraD2Ev
FN:36,_ZN5Input8IpCameraC2ERKNSt7__cxx1112basic_stringIcSt11char_traitsIcESaIcEEE
FN:49,_ZN5Input8IpCamera10initializeEi
FNDA:0,_ZN5Input8IpCamera10initializeEi
FNDA:0,_ZN5Input8IpCameraC2ERKNSt7__cxx1112basic_stringIcSt11char_traitsIcESaIcEEE
FNDA:0,_ZN5Input8IpCameraD0Ev
FNDA:0,_ZN5Input8IpCameraD2Ev
FNF:4
FNH:0
BRDA:36,1,2,-
BRDA:36,1,3,-
BRF:2
BRH:0
DA:33,0
DA:36,0
DA:49,0
DA:51,0
LF:4
LH:0
end_of_record
TN:
SF:/home/intel/ros2_overlay_ws/src/ros2_openvino_toolkit/dynamic_vino_lib/include/dynamic_vino_lib/inputs/realsense_camera.hpp
FN:33,_ZN5Input15RealSenseCameraD0Ev
FN:47,_ZN5Input15RealSenseCamera10initializeEi
FNDA:0,_ZN5Input15RealSenseCamera10initializeEi
FNDA:6,_ZN5Input15RealSenseCameraC2Ev
FNDA:6,_ZN5Input15RealSenseCameraD2Ev
FNDA:0,_ZN5Input15RealSenseCameraD0Ev
FNF:4
FNH:2
BRDA:33,5,5,6
BRDA:33,5,6,0
BRDA:33,6,8,6
BRDA:33,6,9,0
BRDA:33,7,11,6
BRDA:33,7,12,0
BRF:6
BRH:3
DA:33,24
DA:47,0
DA:49,0
LF:3
LH:1
end_of_record
TN:
SF:/home/intel/ros2_overlay_ws/src/ros2_openvino_toolkit/dynamic_vino_lib/include/dynamic_vino_lib/inputs/realsense_camera_topic.hpp
FN:37,_ZN5Input20RealSenseCameraTopicD0Ev
FN:42,_ZN5Input20RealSenseCameraTopic10initializeEi
FN:46,_ZN5Input20RealSenseCameraTopic10initializeEmm
FNDA:0,_ZN5Input20RealSenseCameraTopic10initializeEmm
FNDA:0,_ZN5Input20RealSenseCameraTopicD2Ev
FNDA:0,_ZN5Input20RealSenseCameraTopicD0Ev
FNDA:0,_ZN5Input20RealSenseCameraTopic10initializeEi
FNF:4
FNH:0
DA:37,0
DA:42,0
DA:44,0
DA:46,0
DA:48,0
LF:5
LH:0
end_of_record
TN:
SF:/home/intel/ros2_overlay_ws/src/ros2_openvino_toolkit/dynamic_vino_lib/include/dynamic_vino_lib/inputs/ros2_handler.hpp
FNF:0
FNH:0
DA:28,0
LF:1
LH:0
end_of_record
TN:
SF:/home/intel/ros2_overlay_ws/src/ros2_openvino_toolkit/dynamic_vino_lib/include/dynamic_vino_lib/inputs/standard_camera.hpp
FN:40,_ZN5Input14StandardCameraD2Ev
FN:40,_ZN5Input14StandardCameraC2Ev
FN:40,_ZN5Input14StandardCameraD0Ev
FNDA:0,_ZN5Input14StandardCameraD2Ev
FNDA:0,_ZN5Input14StandardCameraC2Ev
FNDA:0,_ZN5Input14StandardCameraD0Ev
FNF:3
FNH:0
BRDA:40,5,7,-
BRDA:40,5,8,-
BRF:2
BRH:0
DA:40,0
LF:1
LH:0
end_of_record
TN:
SF:/home/intel/ros2_overlay_ws/src/ros2_openvino_toolkit/dynamic_vino_lib/include/dynamic_vino_lib/inputs/video_input.hpp
FN:32,_ZN5Input5VideoD0Ev
FN:32,_ZN5Input5VideoD2Ev
FN:47,_ZN5Input5Video10initializeEi
FNDA:0,_ZN5Input5VideoD0Ev
FNDA:0,_ZN5Input5VideoD2Ev
FNDA:0,_ZN5Input5Video10initializeEi
FNF:3
FNH:0
DA:32,0
DA:47,0
DA:49,0
LF:3
LH:0
end_of_record
TN:
SF:/home/intel/ros2_overlay_ws/src/ros2_openvino_toolkit/dynamic_vino_lib/include/dynamic_vino_lib/models/age_gender_detection_model.hpp
FN:32,_ZN6Models23AgeGenderDetectionModelD2Ev
FNDA:3,_ZN6Models23AgeGenderDetectionModelD2Ev
FNF:1
FNH:1
DA:32,6
LF:1
LH:1
end_of_record
TN:
SF:/home/intel/ros2_overlay_ws/src/ros2_openvino_toolkit/dynamic_vino_lib/include/dynamic_vino_lib/models/base_model.hpp
FN:84,_ZN6Models9BaseModel7enqueueERKSt10shared_ptrIN7Engines6EngineEERKN2cv3MatERKNS7_5Rect_IiEE
FN:100,_ZNK6Models9BaseModel19getMaxProposalCountEv
FNDA:0,_ZN6Models9BaseModel7enqueueERKSt10shared_ptrIN7Engines6EngineEERKN2cv3MatERKNS7_5Rect_IiEE
FNDA:19,_ZN6Models9BaseModelD2Ev
FNDA:4,_ZNK6Models9BaseModel19getMaxProposalCountEv
FNF:3
FNH:2
DA:47,38
DA:69,3
DA:84,0
DA:87,0
DA:100,4
DA:102,5
DA:120,0
DA:121,4
DA:141,8
LF:9
LH:6
end_of_record
TN:
SF:/home/intel/ros2_overlay_ws/src/ros2_openvino_toolkit/dynamic_vino_lib/include/dynamic_vino_lib/models/emotion_detection_model.hpp
FN:32,_ZN6Models21EmotionDetectionModelD2Ev
FNDA:3,_ZN6Models21EmotionDetectionModelD2Ev
FNF:1
FNH:1
DA:32,6
LF:1
LH:1
end_of_record
TN:
SF:/home/intel/ros2_overlay_ws/src/ros2_openvino_toolkit/dynamic_vino_lib/include/dynamic_vino_lib/models/face_reidentification_model.hpp
FN:29,_ZN6Models25FaceReidentificationModelD2Ev
FNDA:0,_ZN6Models25FaceReidentificationModelD2Ev
FNF:1
FNH:0
DA:29,0
LF:1
LH:0
end_of_record
TN:
SF:/home/intel/ros2_overlay_ws/src/ros2_openvino_toolkit/dynamic_vino_lib/include/dynamic_vino_lib/models/head_pose_detection_model.hpp
FN:32,_ZN6Models22HeadPoseDetectionModelD2Ev
FNDA:3,_ZN6Models22HeadPoseDetectionModelD2Ev
FNF:1
FNH:1
DA:32,6
LF:1
LH:1
end_of_record
TN:
SF:/home/intel/ros2_overlay_ws/src/ros2_openvino_toolkit/dynamic_vino_lib/include/dynamic_vino_lib/models/landmarks_detection_model.hpp
FN:29,_ZN6Models23LandmarksDetectionModelD2Ev
FNDA:0,_ZN6Models23LandmarksDetectionModelD2Ev
FNF:1
FNH:0
DA:29,0
LF:1
LH:0
end_of_record
TN:
SF:/home/intel/ros2_overlay_ws/src/ros2_openvino_toolkit/dynamic_vino_lib/include/dynamic_vino_lib/models/license_plate_detection_model.hpp
FN:29,_ZN6Models26LicensePlateDetectionModelD2Ev
FNDA:0,_ZN6Models26LicensePlateDetectionModelD2Ev
FNF:1
FNH:0
DA:29,0
LF:1
LH:0
end_of_record
TN:
SF:/home/intel/ros2_overlay_ws/src/ros2_openvino_toolkit/dynamic_vino_lib/include/dynamic_vino_lib/models/object_detection_ssd_model.hpp
FN:30,_ZN6Models23ObjectDetectionSSDModelD2Ev
FNDA:8,_ZN6Models23ObjectDetectionSSDModelD2Ev
FNF:1
FNH:1
DA:30,8
LF:1
LH:1
end_of_record
TN:
SF:/home/intel/ros2_overlay_ws/src/ros2_openvino_toolkit/dynamic_vino_lib/include/dynamic_vino_lib/models/object_detection_yolov2_model.hpp
FNDA:0,_ZN6Models26ObjectDetectionYolov2ModelD2Ev
FNF:1
FNH:0
DA:30,0
LF:1
LH:0
end_of_record
TN:
SF:/home/intel/ros2_overlay_ws/src/ros2_openvino_toolkit/dynamic_vino_lib/include/dynamic_vino_lib/models/object_segmentation_model.hpp
FN:28,_ZN6Models23ObjectSegmentationModelD2Ev
FN:32,_ZNK6Models23ObjectSegmentationModel19getMaxProposalCountEv
FNDA:2,_ZN6Models23ObjectSegmentationModelD2Ev
FNDA:0,_ZNK6Models23ObjectSegmentationModel19getMaxProposalCountEv
FNF:2
FNH:1
DA:28,4
DA:32,0
DA:34,0
LF:3
LH:1
end_of_record
TN:
SF:/home/intel/ros2_overlay_ws/src/ros2_openvino_toolkit/dynamic_vino_lib/include/dynamic_vino_lib/models/person_attribs_detection_model.hpp
FN:29,_ZN6Models27PersonAttribsDetectionModelD2Ev
FNDA:0,_ZN6Models27PersonAttribsDetectionModelD2Ev
FNF:1
FNH:0
DA:29,0
LF:1
LH:0
end_of_record
TN:
SF:/home/intel/ros2_overlay_ws/src/ros2_openvino_toolkit/dynamic_vino_lib/include/dynamic_vino_lib/models/person_reidentification_model.hpp
FN:29,_ZN6Models27PersonReidentificationModelD2Ev
FNDA:0,_ZN6Models27PersonReidentificationModelD2Ev
FNF:1
FNH:0
DA:29,0
LF:1
LH:0
end_of_record
TN:
SF:/home/intel/ros2_overlay_ws/src/ros2_openvino_toolkit/dynamic_vino_lib/include/dynamic_vino_lib/models/vehicle_attribs_detection_model.hpp
FN:29,_ZN6Models28VehicleAttribsDetectionModelD2Ev
FNDA:0,_ZN6Models28VehicleAttribsDetectionModelD2Ev
FNF:1
FNH:0
DA:29,0
LF:1
LH:0
end_of_record
TN:
SF:/home/intel/ros2_overlay_ws/src/ros2_openvino_toolkit/dynamic_vino_lib/include/dynamic_vino_lib/outputs/base_output.hpp
FN:64,_ZN7Outputs10BaseOutputD2Ev
FN:67,_ZN7Outputs10BaseOutputC2ENSt7__cxx1112basic_stringIcSt11char_traitsIcESaIcEEE
FN:72,_ZN7Outputs10BaseOutput6acceptERKSt6vectorIN16dynamic_vino_lib27LicensePlateDetectionResultESaIS3_EE
FN:78,_ZN7Outputs10BaseOutput6acceptERKSt6vectorIN16dynamic_vino_lib29VehicleAttribsDetectionResultESaIS3_EE
FN:84,_ZN7Outputs10BaseOutput6acceptERKSt6vectorIN16dynamic_vino_lib26FaceReidentificationResultESaIS3_EE
FN:90,_ZN7Outputs10BaseOutput6acceptERKSt6vectorIN16dynamic_vino_lib24LandmarksDetectionResultESaIS3_EE
FN:96,_ZN7Outputs10BaseOutput6acceptERKSt6vectorIN16dynamic_vino_lib28PersonAttribsDetectionResultESaIS3_EE
FN:102,_ZN7Outputs10BaseOutput6acceptERKSt6vectorIN16dynamic_vino_lib28PersonReidentificationResultESaIS3_EE
FN:108,_ZN7Outputs10BaseOutput6acceptERKSt6vectorIN16dynamic_vino_lib24ObjectSegmentationResultESaIS3_EE
FN:114,_ZN7Outputs10BaseOutput6acceptERKSt6vectorIN16dynamic_vino_lib21ObjectDetectionResultESaIS3_EE
FN:120,_ZN7Outputs10BaseOutput6acceptERKSt6vectorIN16dynamic_vino_lib19FaceDetectionResultESaIS3_EE
FN:126,_ZN7Outputs10BaseOutput6acceptERKSt6vectorIN16dynamic_vino_lib14EmotionsResultESaIS3_EE
FN:133,_ZN7Outputs10BaseOutput6acceptERKSt6vectorIN16dynamic_vino_lib15AgeGenderResultESaIS3_EE
FN:139,_ZN7Outputs10BaseOutput6acceptERKSt6vectorIN16dynamic_vino_lib14HeadPoseResultESaIS3_EE
FN:146,_ZN7Outputs10BaseOutput9feedFrameERKN2cv3MatE
FN:155,_ZN7Outputs10BaseOutput18setServiceResponseESt10shared_ptrIN11object_msgs3srv22DetectObject_Response_ISaIvEEEE
FN:157,_ZN7Outputs10BaseOutput25setServiceResponseForFaceESt10shared_ptrIN11object_msgs3srv22DetectObject_Response_ISaIvEEEE
FN:159,_ZN7Outputs10BaseOutput18setServiceResponseESt10shared_ptrIN11people_msgs3srv22AgeGenderSrv_Response_ISaIvEEEE
FN:161,_ZN7Outputs10BaseOutput18setServiceResponseESt10shared_ptrIN11people_msgs3srv20EmotionSrv_Response_ISaIvEEEE
FN:163,_ZN7Outputs10BaseOutput18setServiceResponseESt10shared_ptrIN11people_msgs3srv21HeadPoseSrv_Response_ISaIvEEEE
FN:165,_ZN7Outputs10BaseOutput18setServiceResponseESt10shared_ptrIN11people_msgs3srv16People_Response_ISaIvEEEE
FN:169,_ZN7Outputs10BaseOutput9clearDataEv
FNDA:0,_ZN7Outputs10BaseOutput18setServiceResponseESt10shared_ptrIN11people_msgs3srv20EmotionSrv_Response_ISaIvEEEE
FNDA:0,_ZN7Outputs10BaseOutput25setServiceResponseForFaceESt10shared_ptrIN11object_msgs3srv22DetectObject_Response_ISaIvEEEE
FNDA:0,_ZN7Outputs10BaseOutput6acceptERKSt6vectorIN16dynamic_vino_lib14HeadPoseResultESaIS3_EE
FNDA:0,_ZN7Outputs10BaseOutput6acceptERKSt6vectorIN16dynamic_vino_lib21ObjectDetectionResultESaIS3_EE
FNDA:10,_ZN7Outputs10BaseOutputD2Ev
FNDA:0,_ZN7Outputs10BaseOutput6acceptERKSt6vectorIN16dynamic_vino_lib27LicensePlateDetectionResultESaIS3_EE
FNDA:0,_ZN7Outputs10BaseOutput6acceptERKSt6vectorIN16dynamic_vino_lib24LandmarksDetectionResultESaIS3_EE
FNDA:0,_ZN7Outputs10BaseOutput6acceptERKSt6vectorIN16dynamic_vino_lib28PersonReidentificationResultESaIS3_EE
FNDA:0,_ZN7Outputs10BaseOutput6acceptERKSt6vectorIN16dynamic_vino_lib28PersonAttribsDetectionResultESaIS3_EE
FNDA:0,_ZN7Outputs10BaseOutput9clearDataEv
FNDA:0,_ZN7Outputs10BaseOutput18setServiceResponseESt10shared_ptrIN11people_msgs3srv21HeadPoseSrv_Response_ISaIvEEEE
FNDA:0,_ZN7Outputs10BaseOutput6acceptERKSt6vectorIN16dynamic_vino_lib14EmotionsResultESaIS3_EE
FNDA:0,_ZN7Outputs10BaseOutput9feedFrameERKN2cv3MatE
FNDA:0,_ZN7Outputs10BaseOutput6acceptERKSt6vectorIN16dynamic_vino_lib24ObjectSegmentationResultESaIS3_EE
FNDA:0,_ZN7Outputs10BaseOutput18setServiceResponseESt10shared_ptrIN11people_msgs3srv16People_Response_ISaIvEEEE
FNDA:0,_ZN7Outputs10BaseOutput6acceptERKSt6vectorIN16dynamic_vino_lib15AgeGenderResultESaIS3_EE
FNDA:0,_ZN7Outputs10BaseOutput18setServiceResponseESt10shared_ptrIN11people_msgs3srv22AgeGenderSrv_Response_ISaIvEEEE
FNDA:0,_ZN7Outputs10BaseOutput6acceptERKSt6vectorIN16dynamic_vino_lib19FaceDetectionResultESaIS3_EE
FNDA:10,_ZN7Outputs10BaseOutputC2ENSt7__cxx1112basic_stringIcSt11char_traitsIcESaIcEEE
FNDA:0,_ZN7Outputs10BaseOutput6acceptERKSt6vectorIN16dynamic_vino_lib29VehicleAttribsDetectionResultESaIS3_EE
FNDA:0,_ZN7Outputs10BaseOutput18setServiceResponseESt10shared_ptrIN11object_msgs3srv22DetectObject_Response_ISaIvEEEE
FNDA:0,_ZN7Outputs10BaseOutput6acceptERKSt6vectorIN16dynamic_vino_lib26FaceReidentificationResultESaIS3_EE
FNF:22
FNH:2
DA:64,20
DA:67,10
DA:68,10
DA:72,0
DA:74,0
DA:78,0
DA:80,0
DA:84,0
DA:86,0
DA:90,0
DA:92,0
DA:96,0
DA:98,0
DA:102,0
DA:104,0
DA:108,0
DA:110,0
DA:114,0
DA:116,0
DA:120,0
DA:122,0
DA:126,0
DA:128,0
DA:133,0
DA:135,0
DA:139,0
DA:141,0
DA:146,0
DA:148,0
DA:155,0
DA:156,0
DA:157,0
DA:158,0
DA:159,0
DA:160,0
DA:161,0
DA:162,0
DA:163,0
DA:164,0
DA:165,0
DA:166,0
DA:169,0
LF:42
LH:3
end_of_record
TN:
SF:/home/intel/ros2_overlay_ws/src/ros2_openvino_toolkit/dynamic_vino_lib/include/dynamic_vino_lib/outputs/image_window_output.hpp
FN:33,_ZN7Outputs17ImageWindowOutputD2Ev
FN:152,_ZN7Outputs17ImageWindowOutput10OutputDataC2EOS1_
FN:152,_ZN7Outputs17ImageWindowOutput10OutputDataC2ERKS1_
FN:152,_ZN7Outputs17ImageWindowOutput10OutputDataD2Ev
FNDA:0,_ZN7Outputs17ImageWindowOutput10OutputDataC2ERKS1_
FNDA:0,_ZN7Outputs17ImageWindowOutputD2Ev
FNDA:0,_ZN7Outputs17ImageWindowOutput10OutputDataD2Ev
FNDA:0,_ZN7Outputs17ImageWindowOutput10OutputDataC2EOS1_
FNF:4
FNH:0
BRDA:152,2,1,-
BRDA:152,2,2,-
BRF:2
BRH:0
DA:33,0
DA:152,0
LF:2
LH:0
end_of_record
TN:
SF:/home/intel/ros2_overlay_ws/src/ros2_openvino_toolkit/dynamic_vino_lib/include/dynamic_vino_lib/outputs/ros_service_output.hpp
FN:48,_ZN7Outputs16RosServiceOutputD2Ev
FN:51,_ZN7Outputs16RosServiceOutputC2ENSt7__cxx1112basic_stringIcSt11char_traitsIcESaIcEEE
FN:58,_ZN7Outputs16RosServiceOutput12handleOutputEv
FNDA:4,_ZN7Outputs16RosServiceOutputC2ENSt7__cxx1112basic_stringIcSt11char_traitsIcESaIcEEE
FNDA:4,_ZN7Outputs16RosServiceOutput12handleOutputEv
FNDA:4,_ZN7Outputs16RosServiceOutputD2Ev
FNF:3
FNH:3
BRDA:52,4294967295,1,4
BRDA:52,4294967295,2,0
BRF:2
BRH:1
DA:48,8
DA:51,4
DA:52,8
DA:58,4
LF:4
LH:4
end_of_record
TN:
SF:/home/intel/ros2_overlay_ws/src/ros2_openvino_toolkit/dynamic_vino_lib/include/dynamic_vino_lib/outputs/ros_topic_output.hpp
FNDA:10,_ZN7Outputs14RosTopicOutputD2Ev
FNF:1
FNH:1
DA:60,20
LF:1
LH:1
end_of_record
TN:
SF:/home/intel/ros2_overlay_ws/src/ros2_openvino_toolkit/dynamic_vino_lib/include/dynamic_vino_lib/outputs/rviz_output.hpp
FNDA:0,_ZN7Outputs10RvizOutputD2Ev
FNF:1
FNH:0
DA:38,0
LF:1
LH:0
end_of_record
TN:
SF:/home/intel/ros2_overlay_ws/src/ros2_openvino_toolkit/dynamic_vino_lib/include/dynamic_vino_lib/pipeline.hpp
FNDA:10,_ZN8PipelineD2Ev
FNF:1
FNH:1
BRDA:133,0,1,16
BRDA:133,0,2,0
BRF:2
BRH:1
DA:43,20
DA:133,16
DA:145,4
LF:3
LH:3
end_of_record
TN:
SF:/home/intel/ros2_overlay_ws/src/ros2_openvino_toolkit/dynamic_vino_lib/include/dynamic_vino_lib/pipeline_manager.hpp
FNDA:5,_ZN15PipelineManagerD2Ev
FNDA:9,_ZN15PipelineManager12PipelineDataC2ERKS0_
FNDA:9,_ZN15PipelineManager11getInstanceEv
FNDA:19,_ZN15PipelineManager12PipelineDataD2Ev
FNDA:5,_ZN15PipelineManager12PipelineDataC2EOS0_
FNF:5
FNH:5
BRDA:47,0,0,5
BRDA:47,0,1,4
BRDA:47,1,3,5
BRDA:47,1,4,0
BRDA:71,1,2,4
BRDA:71,1,3,0
BRDA:71,3,3,5
BRDA:71,3,4,0
BRF:8
BRH:5
DA:37,5
DA:45,9
DA:47,9
DA:48,9
DA:71,94
DA:81,5
DA:95,0
DA:100,5
LF:8
LH:7
end_of_record
TN:
SF:/home/intel/ros2_overlay_ws/src/ros2_openvino_toolkit/dynamic_vino_lib/include/dynamic_vino_lib/pipeline_params.hpp
FNF:0
FNH:0
DA:69,10
LF:1
LH:1
end_of_record
TN:
SF:/home/intel/ros2_overlay_ws/src/ros2_openvino_toolkit/dynamic_vino_lib/include/dynamic_vino_lib/services/frame_processing_server.hpp
FN:40,_ZN12vino_service21FrameProcessingServerIN11people_msgs3srv6PeopleEED0Ev
FN:40,_ZN12vino_service21FrameProcessingServerIN11object_msgs3srv12DetectObjectEED0Ev
FNDA:2,_ZN12vino_service21FrameProcessingServerIN11object_msgs3srv12DetectObjectEED2Ev
FNDA:0,_ZN12vino_service21FrameProcessingServerIN11object_msgs3srv12DetectObjectEED0Ev
FNDA:0,_ZN12vino_service21FrameProcessingServerIN11people_msgs3srv6PeopleEED0Ev
FNDA:2,_ZN12vino_service21FrameProcessingServerIN11people_msgs3srv6PeopleEED2Ev
FNF:4
FNH:2
DA:40,8
LF:1
LH:1
end_of_record
TN:
SF:/home/intel/ros2_overlay_ws/src/ros2_openvino_toolkit/dynamic_vino_lib/include/dynamic_vino_lib/services/pipeline_processing_server.hpp
FN:31,_ZN12vino_service24PipelineProcessingServerIN17pipeline_srv_msgs3srv11PipelineSrvEED0Ev
FNDA:0,_ZN12vino_service24PipelineProcessingServerIN17pipeline_srv_msgs3srv11PipelineSrvEED2Ev
FNDA:0,_ZN12vino_service24PipelineProcessingServerIN17pipeline_srv_msgs3srv11PipelineSrvEED0Ev
FNF:2
FNH:0
DA:31,0
LF:1
LH:0
end_of_record
TN:
SF:/home/intel/ros2_overlay_ws/src/ros2_openvino_toolkit/dynamic_vino_lib/include/dynamic_vino_lib/slog.hpp
FN:44,_ZN4slog9LogStreamD2Ev
FN:66,_ZN4slog9LogStreamlsIA19_cEERS0_RKT_
FN:66,_ZN4slog9LogStreamlsIA23_cEERS0_RKT_
FN:66,_ZN4slog9LogStreamlsIA36_cEERS0_RKT_
FN:66,_ZN4slog9LogStreamlsIA52_cEERS0_RKT_
FN:66,_ZN4slog9LogStreamlsINSt7__cxx1112basic_stringIcSt11char_traitsIcESaIcEEEEERS0_RKT_
FN:66,_ZN4slog9LogStreamlsIA27_cEERS0_RKT_
FN:66,_ZN4slog9LogStreamlsIA34_cEERS0_RKT_
FN:66,_ZN4slog9LogStreamlsIA50_cEERS0_RKT_
FN:66,_ZN4slog9LogStreamlsIA48_cEERS0_RKT_
FN:66,_ZN4slog9LogStreamlsIA28_cEERS0_RKT_
FN:66,_ZN4slog9LogStreamlsIA35_cEERS0_RKT_
FN:66,_ZN4slog9LogStreamlsIA53_cEERS0_RKT_
FN:66,_ZN4slog9LogStreamlsIA25_cEERS0_RKT_
FN:66,_ZN4slog9LogStreamlsIlEERS0_RKT_
FN:66,_ZN4slog9LogStreamlsIA43_cEERS0_RKT_
FN:66,_ZN4slog9LogStreamlsIA10_cEERS0_RKT_
FN:66,_ZN4slog9LogStreamlsIA6_cEERS0_RKT_
FN:66,_ZN4slog9LogStreamlsIiEERS0_RKT_
FN:66,_ZN4slog9LogStreamlsIA51_cEERS0_RKT_
FN:66,_ZN4slog9LogStreamlsIA26_cEERS0_RKT_
FN:66,_ZN4slog9LogStreamlsIA18_cEERS0_RKT_
FN:66,_ZN4slog9LogStreamlsIA37_cEERS0_RKT_
FN:66,_ZN4slog9LogStreamlsIPKcEERS0_RKT_
FN:66,_ZN4slog9LogStreamlsIA47_cEERS0_RKT_
FN:66,_ZN4slog9LogStreamlsIA54_cEERS0_RKT_
FN:66,_ZN4slog9LogStreamlsIA86_cEERS0_RKT_
FN:66,_ZN4slog9LogStreamlsIA12_cEERS0_RKT_
FN:66,_ZN4slog9LogStreamlsIA30_cEERS0_RKT_
FN:66,_ZN4slog9LogStreamlsIA45_cEERS0_RKT_
FN:66,_ZN4slog9LogStreamlsIA2_cEERS0_RKT_
FN:66,_ZN4slog9LogStreamlsIA21_cEERS0_RKT_
FN:66,_ZN4slog9LogStreamlsIA38_cEERS0_RKT_
FN:66,_ZN4slog9LogStreamlsIA55_cEERS0_RKT_
FN:66,_ZN4slog9LogStreamlsIA17_cEERS0_RKT_
FN:66,_ZN4slog9LogStreamlsIA62_cEERS0_RKT_
FN:66,_ZN4slog9LogStreamlsIA57_cEERS0_RKT_
FN:66,_ZN4slog9LogStreamlsIA22_cEERS0_RKT_
FN:66,_ZN4slog9LogStreamlsIA9_cEERS0_RKT_
FN:66,_ZN4slog9LogStreamlsIA11_cEERS0_RKT_
FN:66,_ZN4slog9LogStreamlsIA5_cEERS0_RKT_
FN:66,_ZN4slog9LogStreamlsIA15_cEERS0_RKT_
FN:66,_ZN4slog9LogStreamlsIA61_cEERS0_RKT_
FN:66,_ZN4slog9LogStreamlsIA40_cEERS0_RKT_
FN:66,_ZN4slog9LogStreamlsIA24_cEERS0_RKT_
FN:66,_ZN4slog9LogStreamlsIA14_cEERS0_RKT_
FN:66,_ZN4slog9LogStreamlsIA31_cEERS0_RKT_
FN:66,_ZN4slog9LogStreamlsImEERS0_RKT_
FN:66,_ZN4slog9LogStreamlsIA20_cEERS0_RKT_
FN:66,_ZN4slog9LogStreamlsIA69_cEERS0_RKT_
FNDA:66,_ZN4slog9LogStreamlsIA5_cEERS0_RKT_
FNDA:3,_ZN4slog9LogStreamlsIA15_cEERS0_RKT_
FNDA:24,_ZN4slog9LogStreamlsIA22_cEERS0_RKT_
FNDA:2,_ZN4slog9LogStreamlsIA11_cEERS0_RKT_
FNDA:0,_ZN4slog9LogStreamlsIA9_cEERS0_RKT_
FNDA:0,_ZN4slog9LogStreamlsIA62_cEERS0_RKT_
FNDA:0,_ZN4slog9LogStreamlsIA57_cEERS0_RKT_
FNDA:13,_ZN4slog9LogStreamlsIA17_cEERS0_RKT_
FNDA:24,_ZN4slog9LogStreamlsIA21_cEERS0_RKT_
FNDA:13,_ZN4slog9LogStreamlsIA38_cEERS0_RKT_
FNDA:0,_ZN4slog9LogStreamlsIA55_cEERS0_RKT_
FNDA:5,_ZN4slog9LogStreamlsIA12_cEERS0_RKT_
FNDA:0,_ZN4slog9LogStreamlsIA30_cEERS0_RKT_
FNDA:0,_ZN4slog9LogStreamlsIA45_cEERS0_RKT_
FNDA:178,_ZN4slog9LogStreamlsIA2_cEERS0_RKT_
FNDA:0,_ZN4slog9LogStreamlsIA54_cEERS0_RKT_
FNDA:0,_ZN4slog9LogStreamlsIA86_cEERS0_RKT_
FNDA:0,_ZN4slog9LogStreamlsIA47_cEERS0_RKT_
FNDA:0,_ZN4slog9LogStreamlsIA69_cEERS0_RKT_
FNDA:41,_ZN4slog9LogStreamlsIA20_cEERS0_RKT_
FNDA:6,_ZN4slog9LogStreamlsImEERS0_RKT_
FNDA:10,_ZN4slog9LogStreamlsIA31_cEERS0_RKT_
FNDA:2,_ZN4slog9LogStreamlsIA14_cEERS0_RKT_
FNDA:0,_ZN4slog9LogStreamlsIA40_cEERS0_RKT_
FNDA:7,_ZN4slog9LogStreamlsIA24_cEERS0_RKT_
FNDA:0,_ZN4slog9LogStreamlsIA61_cEERS0_RKT_
FNDA:3,_ZN4slog9LogStreamlsIA35_cEERS0_RKT_
FNDA:14,_ZN4slog9LogStreamlsIA28_cEERS0_RKT_
FNDA:0,_ZN4slog9LogStreamlsIA48_cEERS0_RKT_
FNDA:5,_ZN4slog9LogStreamlsIA50_cEERS0_RKT_
FNDA:6,_ZN4slog9LogStreamlsIA27_cEERS0_RKT_
FNDA:366,_ZN4slog9LogStreamlsINSt7__cxx1112basic_stringIcSt11char_traitsIcESaIcEEEEERS0_RKT_
FNDA:43,_ZN4slog9LogStreamlsIA34_cEERS0_RKT_
FNDA:41,_ZN4slog9LogStreamlsIA36_cEERS0_RKT_
FNDA:4,_ZN4slog9LogStreamlsIA52_cEERS0_RKT_
FNDA:3,_ZN4slog9LogStreamD2Ev
FNDA:0,_ZN4slog9LogStreamlsIA19_cEERS0_RKT_
FNDA:16,_ZN4slog9LogStreamlsIA23_cEERS0_RKT_
FNDA:0,_ZN4slog9LogStreamlsIA37_cEERS0_RKT_
FNDA:10,_ZN4slog9LogStreamlsIPKcEERS0_RKT_
FNDA:0,_ZN4slog9LogStreamlsIA26_cEERS0_RKT_
FNDA:0,_ZN4slog9LogStreamlsIA51_cEERS0_RKT_
FNDA:2,_ZN4slog9LogStreamlsIA18_cEERS0_RKT_
FNDA:82,_ZN4slog9LogStreamlsIiEERS0_RKT_
FNDA:0,_ZN4slog9LogStreamlsIlEERS0_RKT_
FNDA:33,_ZN4slog9LogStreamlsIA25_cEERS0_RKT_
FNDA:0,_ZN4slog9LogStreamlsIA10_cEERS0_RKT_
FNDA:5,_ZN4slog9LogStreamlsIA43_cEERS0_RKT_
FNDA:2,_ZN4slog9LogStreamlsIA6_cEERS0_RKT_
FNDA:0,_ZN4slog9LogStreamlsIA53_cEERS0_RKT_
FNF:50
FNH:30
BRDA:68,0,0,39
BRDA:68,0,1,65
BRDA:68,1,2,31
BRDA:68,1,3,14
BRDA:68,2,4,27
BRDA:68,2,5,196
BRDA:68,3,6,71
BRDA:68,3,7,18
BRDA:68,4,8,30
BRDA:68,4,9,2
BRDA:68,5,10,12
BRDA:68,5,11,71
BRDA:68,6,12,12
BRDA:68,6,13,0
BRDA:68,7,14,43
BRDA:68,7,15,0
BRDA:68,8,16,5
BRDA:68,8,17,0
BRDA:68,9,18,-
BRDA:68,9,19,-
BRDA:68,10,20,53
BRDA:68,10,21,299
BRDA:68,11,22,38
BRDA:68,11,23,0
BRDA:68,12,24,-
BRDA:68,12,25,-
BRDA:87,4294967295,1,841
BRDA:87,4294967295,2,0
BRDA:88,4294967295,1,841
BRDA:88,4294967295,2,0
BRDA:89,4294967295,1,841
BRDA:89,4294967295,2,0
BRF:32
BRH:21
DA:44,3
DA:56,5046
DA:58,2523
DA:66,1026
DA:68,1026
DA:69,361
DA:70,361
DA:73,654
DA:74,1026
DA:80,290
DA:82,290
DA:87,1682
DA:88,1682
DA:89,1682
LF:14
LH:14
end_of_record
TN:
SF:/home/intel/ros2_overlay_ws/src/ros2_openvino_toolkit/dynamic_vino_lib/src/engines/engine.cpp
FN:26,_Z41__static_initialization_and_destruction_0ii
FN:26,_GLOBAL__sub_I_engine.cpp
FNDA:20,_GLOBAL__sub_I_engine.cpp
FNDA:14,_ZN7Engines6EngineC2EN15InferenceEngine15InferencePluginESt10shared_ptrIN6Models9BaseModelEE
FNDA:20,_Z41__static_initialization_and_destruction_0ii
FNF:3
FNH:3
BRDA:25,0,1,14
BRDA:25,0,2,0
BRDA:25,1,4,14
BRDA:25,1,5,0
BRDA:25,2,7,14
BRDA:25,2,8,0
BRDA:26,3,1,20
BRDA:26,3,2,0
BRDA:26,4,3,20
BRDA:26,4,4,0
BRF:10
BRH:5
DA:21,14
DA:25,28
DA:26,94
LF:3
LH:3
end_of_record
TN:
SF:/home/intel/ros2_overlay_ws/src/ros2_openvino_toolkit/dynamic_vino_lib/src/factory.cpp
FN:32,_ZN7Factory21makeInputDeviceByNameERKNSt7__cxx1112basic_stringIcSt11char_traitsIcESaIcEEES7_
FN:88,_GLOBAL__sub_I_factory.cpp
FN:88,_Z41__static_initialization_and_destruction_0ii
FNDA:10,_ZN7Factory16makePluginByNameERKNSt7__cxx1112basic_stringIcSt11char_traitsIcESaIcEEES7_S7_b
FNDA:20,_Z41__static_initialization_and_destruction_0ii
FNDA:0,_ZN7Factory21makeInputDeviceByNameERKNSt7__cxx1112basic_stringIcSt11char_traitsIcESaIcEEES7_
FNDA:20,_GLOBAL__sub_I_factory.cpp
FNF:4
FNH:3
BRDA:36,4294967295,0,-
BRDA:36,4294967295,1,-
BRDA:38,4294967295,0,-
BRDA:38,4294967295,1,-
BRDA:40,4294967295,0,-
BRDA:40,4294967295,1,-
BRDA:42,4294967295,0,-
BRDA:42,4294967295,1,-
BRDA:45,4294967295,0,-
BRDA:45,4294967295,1,-
BRDA:47,4294967295,0,-
BRDA:47,4294967295,1,-
BRDA:50,0,2,-
BRDA:50,0,3,-
BRDA:62,0,1,10
BRDA:62,0,2,0
BRDA:62,1,4,10
BRDA:62,1,5,0
BRDA:62,2,7,10
BRDA:62,2,8,0
BRDA:62,3,10,10
BRDA:62,3,11,0
BRDA:62,4,13,20
BRDA:62,4,14,10
BRDA:62,4,16,-
BRDA:62,4,17,-
BRDA:63,0,1,10
BRDA:63,0,2,0
BRDA:65,4294967295,1,10
BRDA:65,4294967295,2,0
BRDA:67,4294967295,0,10
BRDA:67,4294967295,1,0
BRDA:68,0,1,10
BRDA:68,0,2,0
BRDA:69,0,0,0
BRDA:69,0,1,10
BRDA:75,4294967295,1,-
BRDA:75,4294967295,2,-
BRDA:77,0,0,-
BRDA:77,0,1,-
BRDA:79,0,1,-
BRDA:79,0,2,-
BRDA:79,1,4,-
BRDA:79,1,5,-
BRDA:79,2,7,-
BRDA:79,2,8,-
BRDA:79,3,9,-
BRDA:79,3,10,-
BRDA:79,4,11,-
BRDA:79,4,12,-
BRDA:82,0,0,0
BRDA:82,0,1,10
BRDA:83,0,1,-
BRDA:83,0,2,-
BRDA:83,1,4,-
BRDA:83,1,5,-
BRDA:83,2,7,-
BRDA:83,2,8,-
BRDA:83,3,9,-
BRDA:83,3,10,-
BRDA:83,4,11,-
BRDA:83,4,12,-
BRDA:87,4294967295,1,10
BRDA:87,4294967295,2,0
BRDA:88,3,1,20
BRDA:88,3,2,0
BRDA:88,4,3,20
BRDA:88,4,4,0
BRF:68
BRH:15
DA:32,0
DA:36,0
DA:37,0
DA:38,0
DA:39,0
DA:40,0
DA:41,0
DA:42,0
DA:44,0
DA:45,0
DA:46,0
DA:47,0
DA:48,0
DA:50,0
DA:55,10
DA:62,40
DA:63,10
DA:65,10
DA:67,10
DA:68,10
DA:69,10
DA:75,0
DA:77,0
DA:79,0
DA:80,0
DA:82,10
DA:83,0
DA:84,0
DA:87,20
DA:88,80
LF:30
LH:10
end_of_record
TN:
SF:/home/intel/ros2_overlay_ws/src/ros2_openvino_toolkit/dynamic_vino_lib/src/inferences/age_gender_detection.cpp
FN:27,_ZN16dynamic_vino_lib15AgeGenderResultC2ERKN2cv5Rect_IiEE
FN:64,_ZN16dynamic_vino_lib18AgeGenderDetection13submitRequestEv
FN:86,_ZNK16dynamic_vino_lib18AgeGenderDetection16getResultsLengthEv
FN:92,_ZNK16dynamic_vino_lib18AgeGenderDetection17getLocationResultEi
FN:102,_ZN16dynamic_vino_lib18AgeGenderDetection13observeOutputERKSt10shared_ptrIN7Outputs10BaseOutputEE
FN:110,_ZNK16dynamic_vino_lib18AgeGenderDetection15getFilteredROIsENSt7__cxx1112basic_stringIcSt11char_traitsIcESaIcEEE
FN:122,_GLOBAL__sub_I_age_gender_detection.cpp
FN:122,_Z41__static_initialization_and_destruction_0ii
FNDA:2,_ZN16dynamic_vino_lib18AgeGenderDetection13observeOutputERKSt10shared_ptrIN7Outputs10BaseOutputEE
FNDA:16,_ZN16dynamic_vino_lib18AgeGenderDetection7enqueueERKN2cv3MatERKNS1_5Rect_IiEE
FNDA:16,_ZN16dynamic_vino_lib15AgeGenderResultC2ERKN2cv5Rect_IiEE
FNDA:3,_ZN16dynamic_vino_lib18AgeGenderDetectionC2Ev
FNDA:0,_ZNK16dynamic_vino_lib18AgeGenderDetection17getLocationResultEi
FNDA:2,_ZN16dynamic_vino_lib18AgeGenderDetection13submitRequestEv
FNDA:16,_ZNK16dynamic_vino_lib18AgeGenderDetection16getResultsLengthEv
FNDA:20,_Z41__static_initialization_and_destruction_0ii
FNDA:20,_GLOBAL__sub_I_age_gender_detection.cpp
FNDA:2,_ZN16dynamic_vino_lib18AgeGenderDetection12fetchResultsEv
FNDA:3,_ZN16dynamic_vino_lib18AgeGenderDetection11loadNetworkESt10shared_ptrIN6Models23AgeGenderDetectionModelEE
FNDA:0,_ZNK16dynamic_vino_lib18AgeGenderDetection15getFilteredROIsENSt7__cxx1112basic_stringIcSt11char_traitsIcESaIcEEE
FNDA:0,_ZNK16dynamic_vino_lib18AgeGenderDetection7getNameB5cxx11Ev
FNF:13
FNH:10
BRDA:51,0,0,2
BRDA:51,0,1,14
BRDA:54,4294967295,1,16
BRDA:54,4294967295,2,0
BRDA:55,0,1,16
BRDA:55,0,2,0
BRDA:56,0,0,16
BRDA:56,0,1,0
BRDA:72,4294967295,0,2
BRDA:72,4294967295,1,0
BRDA:76,0,1,2
BRDA:76,0,2,0
BRDA:77,0,1,2
BRDA:77,0,2,0
BRDA:79,0,0,16
BRDA:79,0,1,2
BRDA:105,0,0,2
BRDA:105,0,1,0
BRDA:113,0,0,-
BRDA:113,0,1,-
BRDA:118,1,0,-
BRDA:118,1,1,-
BRDA:119,0,1,-
BRDA:119,0,2,-
BRDA:122,3,1,20
BRDA:122,3,2,0
BRDA:122,4,3,20
BRDA:122,4,4,0
BRF:28
BRH:13
DA:27,16
DA:28,16
DA:30,16
DA:33,3
DA:34,3
DA:36,3
DA:40,3
DA:44,3
DA:45,3
DA:47,16
DA:51,16
DA:54,16
DA:55,16
DA:56,16
DA:59,16
DA:60,16
DA:64,2
DA:66,2
DA:69,2
DA:71,2
DA:72,2
DA:75,2
DA:76,2
DA:77,4
DA:79,18
DA:80,16
DA:81,16
DA:86,16
DA:88,32
DA:92,0
DA:94,0
DA:97,0
DA:99,0
DA:102,2
DA:105,2
DA:106,2
DA:108,2
DA:110,0
DA:113,0
DA:114,0
DA:115,0
DA:118,0
DA:119,0
DA:121,0
DA:122,80
LF:45
LH:34
end_of_record
TN:
SF:/home/intel/ros2_overlay_ws/src/ros2_openvino_toolkit/dynamic_vino_lib/src/inferences/base_filter.cpp
FN:25,_ZN16dynamic_vino_lib10BaseFilterC2Ev
FN:27,_ZN16dynamic_vino_lib10BaseFilter23isValidFilterConditionsERKNSt7__cxx1112basic_stringIcSt11char_traitsIcESaIcEEE
FN:33,_ZN16dynamic_vino_lib10BaseFilter22acceptFilterConditionsERKNSt7__cxx1112basic_stringIcSt11char_traitsIcESaIcEEE
FN:41,_ZN16dynamic_vino_lib10BaseFilter18isRelationOperatorERKNSt7__cxx1112basic_stringIcSt11char_traitsIcESaIcEEE
FN:51,_ZN16dynamic_vino_lib10BaseFilter15isLogicOperatorERKNSt7__cxx1112basic_stringIcSt11char_traitsIcESaIcEEE
FN:61,_ZN16dynamic_vino_lib10BaseFilter9isPriorToERKNSt7__cxx1112basic_stringIcSt11char_traitsIcESaIcEEES8_
FN:70,_ZN16dynamic_vino_lib10BaseFilter9boolToStrB5cxx11Eb
FN:76,_ZN16dynamic_vino_lib10BaseFilter9strToBoolERKNSt7__cxx1112basic_stringIcSt11char_traitsIcESaIcEEE
FN:87,_ZNK16dynamic_vino_lib10BaseFilter19getSuffixConditionsB5cxx11Ev
FN:92,_ZN16dynamic_vino_lib10BaseFilter14logicOperationERKNSt7__cxx1112basic_stringIcSt11char_traitsIcESaIcEEES8_S8_
FN:105,_ZN16dynamic_vino_lib10BaseFilter13stringCompareERKNSt7__cxx1112basic_stringIcSt11char_traitsIcESaIcEEES8_S8_
FN:118,_ZN16dynamic_vino_lib10BaseFilter12floatCompareEfRKNSt7__cxx1112basic_stringIcSt11char_traitsIcESaIcEEEf
FN:135,_ZN16dynamic_vino_lib10BaseFilter13stringToFloatERKNSt7__cxx1112basic_stringIcSt11char_traitsIcESaIcEEE
FN:146,_ZN16dynamic_vino_lib10BaseFilter5splitERKNSt7__cxx1112basic_stringIcSt11char_traitsIcESaIcEEE
FN:177,_ZN16dynamic_vino_lib10BaseFilter13infixToSuffixERSt6vectorINSt7__cxx1112basic_stringIcSt11char_traitsIcESaIcEEESaIS7_EE
FN:209,_ZN16dynamic_vino_lib10BaseFilter5stripERKNSt7__cxx1112basic_stringIcSt11char_traitsIcESaIcEEE
FN:218,_GLOBAL__sub_I_base_filter.cpp
FNDA:20,_Z41__static_initialization_and_destruction_0ii
FNDA:0,_ZN16dynamic_vino_lib10BaseFilter13stringToFloatERKNSt7__cxx1112basic_stringIcSt11char_traitsIcESaIcEEE
FNDA:0,_ZN16dynamic_vino_lib10BaseFilter9isPriorToERKNSt7__cxx1112basic_stringIcSt11char_traitsIcESaIcEEES8_
FNDA:0,_ZNK16dynamic_vino_lib10BaseFilter19getSuffixConditionsB5cxx11Ev
FNDA:0,_ZN16dynamic_vino_lib10BaseFilter22acceptFilterConditionsERKNSt7__cxx1112basic_stringIcSt11char_traitsIcESaIcEEE
FNDA:0,_ZN16dynamic_vino_lib10BaseFilter9boolToStrB5cxx11Eb
FNDA:0,_ZN16dynamic_vino_lib10BaseFilter15isLogicOperatorERKNSt7__cxx1112basic_stringIcSt11char_traitsIcESaIcEEE
FNDA:0,_ZN16dynamic_vino_lib10BaseFilter5splitERKNSt7__cxx1112basic_stringIcSt11char_traitsIcESaIcEEE
FNDA:6,_ZN16dynamic_vino_lib10BaseFilter23isValidFilterConditionsERKNSt7__cxx1112basic_stringIcSt11char_traitsIcESaIcEEE
FNDA:20,_GLOBAL__sub_I_base_filter.cpp
FNDA:6,_ZN16dynamic_vino_lib10BaseFilter5stripERKNSt7__cxx1112basic_stringIcSt11char_traitsIcESaIcEEE
FNDA:0,_ZN16dynamic_vino_lib10BaseFilter18isRelationOperatorERKNSt7__cxx1112basic_stringIcSt11char_traitsIcESaIcEEE
FNDA:0,_ZN16dynamic_vino_lib10BaseFilter12floatCompareEfRKNSt7__cxx1112basic_stringIcSt11char_traitsIcESaIcEEEf
FNDA:8,_ZN16dynamic_vino_lib10BaseFilterC2Ev
FNDA:0,_ZN16dynamic_vino_lib10BaseFilter9strToBoolERKNSt7__cxx1112basic_stringIcSt11char_traitsIcESaIcEEE
FNDA:0,_ZN16dynamic_vino_lib10BaseFilter13stringCompareERKNSt7__cxx1112basic_stringIcSt11char_traitsIcESaIcEEES8_S8_
FNDA:0,_ZN16dynamic_vino_lib10BaseFilter14logicOperationERKNSt7__cxx1112basic_stringIcSt11char_traitsIcESaIcEEES8_S8_
FNDA:0,_ZN16dynamic_vino_lib10BaseFilter13infixToSuffixERSt6vectorINSt7__cxx1112basic_stringIcSt11char_traitsIcESaIcEEESaIS7_EE
FNF:18
FNH:5
BRDA:25,1,2,8
BRDA:25,1,3,0
BRDA:25,2,5,8
BRDA:25,2,6,0
BRDA:25,3,8,8
BRDA:25,3,9,0
BRDA:25,4,11,8
BRDA:25,4,12,0
BRDA:25,5,14,8
BRDA:25,5,15,0
BRDA:25,6,17,8
BRDA:25,6,18,0
BRDA:25,7,20,0
BRDA:25,7,21,8
BRDA:25,10,22,48
BRDA:25,10,23,8
BRDA:25,11,25,8
BRDA:25,11,26,0
BRDA:25,12,28,8
BRDA:25,12,29,0
BRDA:25,13,31,0
BRDA:25,13,32,8
BRDA:25,16,33,16
BRDA:25,16,34,8
BRDA:25,17,35,-
BRDA:25,17,36,-
BRDA:25,17,37,-
BRDA:25,17,38,-
BRDA:38,4294967295,1,-
BRDA:38,4294967295,2,-
BRDA:43,0,1,-
BRDA:43,0,2,-
BRDA:53,0,1,-
BRDA:53,0,2,-
BRDA:64,0,1,-
BRDA:64,0,2,-
BRDA:64,1,4,-
BRDA:64,1,5,-
BRDA:72,0,0,-
BRDA:72,0,1,-
BRDA:78,0,1,-
BRDA:78,0,2,-
BRDA:78,1,4,-
BRDA:78,1,5,-
BRDA:95,0,1,-
BRDA:95,0,2,-
BRDA:96,0,1,-
BRDA:96,0,2,-
BRDA:96,1,4,-
BRDA:96,1,5,-
BRDA:97,0,1,-
BRDA:97,0,2,-
BRDA:98,0,1,-
BRDA:98,0,2,-
BRDA:98,1,4,-
BRDA:98,1,5,-
BRDA:108,0,1,-
BRDA:108,0,2,-
BRDA:110,0,1,-
BRDA:110,0,2,-
BRDA:121,0,1,-
BRDA:121,0,2,-
BRDA:123,0,1,-
BRDA:123,0,2,-
BRDA:125,0,1,-
BRDA:125,0,2,-
BRDA:127,0,1,-
BRDA:127,0,2,-
BRDA:141,4294967295,1,-
BRDA:141,4294967295,2,-
BRDA:141,4294967295,4,-
BRDA:141,4294967295,5,-
BRDA:141,4294967295,7,-
BRDA:141,4294967295,8,-
BRDA:150,0,1,-
BRDA:150,0,2,-
BRDA:151,0,1,-
BRDA:151,0,2,-
BRDA:152,0,1,-
BRDA:152,0,2,-
BRDA:153,0,1,-
BRDA:153,0,2,-
BRDA:156,0,0,-
BRDA:156,0,1,-
BRDA:157,0,0,-
BRDA:157,0,1,-
BRDA:158,0,1,-
BRDA:158,0,2,-
BRDA:158,1,3,-
BRDA:158,1,4,-
BRDA:159,0,1,-
BRDA:159,0,2,-
BRDA:160,0,0,-
BRDA:160,0,1,-
BRDA:161,0,1,-
BRDA:161,0,2,-
BRDA:163,0,1,-
BRDA:163,0,2,-
BRDA:164,0,1,-
BRDA:164,0,2,-
BRDA:171,0,0,-
BRDA:171,0,1,-
BRDA:172,0,1,-
BRDA:172,0,2,-
BRDA:181,0,0,-
BRDA:181,0,1,-
BRDA:182,0,1,-
BRDA:182,0,2,-
BRDA:184,0,1,-
BRDA:184,0,2,-
BRDA:185,0,0,-
BRDA:185,0,1,-
BRDA:185,1,3,-
BRDA:185,1,4,-
BRDA:186,0,1,-
BRDA:186,0,2,-
BRDA:189,0,0,-
BRDA:189,0,1,-
BRDA:190,0,1,-
BRDA:190,0,2,-
BRDA:193,0,1,-
BRDA:193,0,2,-
BRDA:193,1,3,-
BRDA:193,1,4,-
BRDA:193,2,6,-
BRDA:193,2,7,-
BRDA:193,3,8,-
BRDA:193,3,9,-
BRDA:194,0,0,-
BRDA:194,0,1,-
BRDA:194,1,3,-
BRDA:194,1,4,-
BRDA:194,2,5,-
BRDA:194,2,6,-
BRDA:200,0,1,-
BRDA:200,0,2,-
BRDA:203,0,0,-
BRDA:203,0,1,-
BRDA:204,0,1,-
BRDA:204,0,2,-
BRDA:212,0,0,0
BRDA:212,0,1,6
BRDA:213,0,0,-
BRDA:213,0,1,-
BRDA:218,3,1,20
BRDA:218,3,2,0
BRDA:218,4,3,20
BRDA:218,4,4,0
BRF:148
BRH:17
DA:25,72
DA:27,6
DA:30,6
DA:33,0
DA:36,0
DA:37,0
DA:38,0
DA:39,0
DA:41,0
DA:43,0
DA:48,0
DA:51,0
DA:53,0
DA:58,0
DA:61,0
DA:64,0
DA:70,0
DA:72,0
DA:73,0
DA:76,0
DA:78,0
DA:81,0
DA:83,0
DA:87,0
DA:89,0
DA:92,0
DA:95,0
DA:96,0
DA:97,0
DA:98,0
DA:100,0
DA:101,0
DA:105,0
DA:108,0
DA:109,0
DA:110,0
DA:111,0
DA:113,0
DA:114,0
DA:118,0
DA:121,0
DA:122,0
DA:123,0
DA:124,0
DA:125,0
DA:126,0
DA:127,0
DA:128,0
DA:130,0
DA:131,0
DA:135,0
DA:140,0
DA:141,0
DA:143,0
DA:146,0
DA:149,0
DA:150,0
DA:151,0
DA:152,0
DA:153,0
DA:156,0
DA:157,0
DA:158,0
DA:159,0
DA:160,0
DA:161,0
DA:163,0
DA:164,0
DA:165,0
DA:166,0
DA:171,0
DA:172,0
DA:174,0
DA:177,0
DA:181,0
DA:182,0
DA:184,0
DA:185,0
DA:186,0
DA:189,0
DA:190,0
DA:193,0
DA:194,0
DA:195,0
DA:200,0
DA:203,0
DA:204,0
DA:207,0
DA:209,6
DA:211,6
DA:212,6
DA:213,0
DA:214,0
DA:217,6
DA:218,80
LF:95
LH:8
end_of_record
TN:
SF:/home/intel/ros2_overlay_ws/src/ros2_openvino_toolkit/dynamic_vino_lib/src/inferences/base_inference.cpp
FN:25,_ZN16dynamic_vino_lib6ResultC2ERKN2cv5Rect_IiEE
FN:68,_ZN16dynamic_vino_lib13BaseInference12fetchResultsEv
FN:75,_Z41__static_initialization_and_destruction_0ii
FN:75,_GLOBAL__sub_I_base_inference.cpp
FNDA:454,_ZN16dynamic_vino_lib6ResultC2ERKN2cv5Rect_IiEE
FNDA:14,_ZN16dynamic_vino_lib13BaseInference10loadEngineESt10shared_ptrIN7Engines6EngineEE
FNDA:20,_GLOBAL__sub_I_base_inference.cpp
FNDA:10,_ZN16dynamic_vino_lib13BaseInference13submitRequestEv
FNDA:0,_ZN16dynamic_vino_lib13BaseInference18SynchronousRequestEv
FNDA:20,_Z41__static_initialization_and_destruction_0ii
FNDA:10,_ZN16dynamic_vino_lib13BaseInference12fetchResultsEv
FNF:7
FNH:6
BRDA:42,0,0,10
BRDA:42,0,1,0
BRDA:45,0,0,10
BRDA:45,0,1,0
BRDA:56,0,0,-
BRDA:56,0,1,-
BRDA:59,0,0,-
BRDA:59,0,1,-
BRDA:70,0,0,10
BRDA:70,0,1,0
BRDA:75,3,1,20
BRDA:75,3,2,0
BRDA:75,4,3,20
BRDA:75,4,4,0
BRF:14
BRH:5
DA:25,454
DA:28,454
DA:35,14
DA:38,14
DA:40,10
DA:42,10
DA:45,10
DA:48,10
DA:49,10
DA:50,10
DA:51,10
DA:54,0
DA:56,0
DA:59,0
DA:62,0
DA:63,0
DA:64,0
DA:65,0
DA:68,10
DA:70,10
DA:73,10
DA:74,10
DA:75,80
LF:23
LH:16
end_of_record
TN:
SF:/home/intel/ros2_overlay_ws/src/ros2_openvino_toolkit/dynamic_vino_lib/src/inferences/base_reidentification.cpp
FN:36,_ZN16dynamic_vino_lib7Tracker15processNewTrackERKSt6vectorIfSaIfEE
FN:63,_ZN16dynamic_vino_lib7Tracker14calcSimilarityERKSt6vectorIfSaIfEES5_
FN:113,_ZN16dynamic_vino_lib7Tracker11addNewTrackERKSt6vectorIfSaIfEE
FN:128,_ZN16dynamic_vino_lib7Tracker14getCurrentTimeEv
FN:155,_ZN16dynamic_vino_lib7Tracker18loadTracksFromFileENSt7__cxx1112basic_stringIcSt11char_traitsIcESaIcEEE
FN:181,_GLOBAL__sub_I_base_reidentification.cpp
FN:181,_Z41__static_initialization_and_destruction_0ii
FNDA:0,_ZN16dynamic_vino_lib7Tracker16saveTracksToFileENSt7__cxx1112basic_stringIcSt11char_traitsIcESaIcEEE
FNDA:0,_ZN16dynamic_vino_lib7Tracker20findMostSimilarTrackERKSt6vectorIfSaIfEERi
FNDA:0,_ZN16dynamic_vino_lib7Tracker18removeEarlestTrackEv
FNDA:0,_ZN16dynamic_vino_lib7Tracker18loadTracksFromFileENSt7__cxx1112basic_stringIcSt11char_traitsIcESaIcEEE
FNDA:0,_ZN16dynamic_vino_lib7Tracker16updateMatchTrackEiRKSt6vectorIfSaIfEE
FNDA:20,_GLOBAL__sub_I_base_reidentification.cpp
FNDA:20,_Z41__static_initialization_and_destruction_0ii
FNDA:0,_ZN16dynamic_vino_lib7Tracker15processNewTrackERKSt6vectorIfSaIfEE
FNDA:0,_ZN16dynamic_vino_lib7TrackerC2Eidd
FNDA:0,_ZN16dynamic_vino_lib7Tracker11addNewTrackERKSt6vectorIfSaIfEE
FNDA:0,_ZN16dynamic_vino_lib7Tracker14calcSimilarityERKSt6vectorIfSaIfEES5_
FNDA:0,_ZN16dynamic_vino_lib7Tracker14getCurrentTimeEv
FNF:12
FNH:2
BRDA:40,4294967295,0,-
BRDA:40,4294967295,1,-
BRDA:42,0,0,-
BRDA:42,0,1,-
BRDA:53,0,0,-
BRDA:53,0,1,-
BRDA:55,4294967295,0,-
BRDA:55,4294967295,1,-
BRDA:66,0,0,-
BRDA:66,0,1,-
BRDA:68,4294967295,2,-
BRDA:68,4294967295,3,-
BRDA:69,0,1,-
BRDA:69,0,2,-
BRDA:69,1,4,-
BRDA:69,1,5,-
BRDA:73,0,0,-
BRDA:73,0,1,-
BRDA:80,0,0,-
BRDA:80,0,1,-
BRDA:90,0,0,-
BRDA:90,0,1,-
BRDA:103,0,0,-
BRDA:103,0,1,-
BRDA:104,0,0,-
BRDA:104,0,1,-
BRDA:115,0,0,-
BRDA:115,0,1,-
BRDA:117,4294967295,1,-
BRDA:117,4294967295,2,-
BRDA:121,4294967295,1,-
BRDA:121,4294967295,2,-
BRDA:138,4294967295,0,-
BRDA:138,4294967295,1,-
BRDA:139,0,1,-
BRDA:139,0,2,-
BRDA:139,1,4,-
BRDA:139,1,5,-
BRDA:142,0,0,-
BRDA:142,0,1,-
BRDA:143,0,1,-
BRDA:143,0,2,-
BRDA:144,0,1,-
BRDA:144,0,2,-
BRDA:145,0,0,-
BRDA:145,0,1,-
BRDA:146,0,1,-
BRDA:146,0,2,-
BRDA:148,0,1,-
BRDA:148,0,2,-
BRDA:150,0,1,-
BRDA:150,0,2,-
BRDA:151,0,1,-
BRDA:151,0,2,-
BRDA:151,1,4,-
BRDA:151,1,5,-
BRDA:158,4294967295,0,-
BRDA:158,4294967295,1,-
BRDA:159,0,1,-
BRDA:159,0,2,-
BRDA:159,1,4,-
BRDA:159,1,5,-
BRDA:163,0,0,-
BRDA:163,0,1,-
BRDA:167,0,1,-
BRDA:167,0,2,-
BRDA:168,0,0,-
BRDA:168,0,1,-
BRDA:171,0,1,-
BRDA:171,0,2,-
BRDA:175,0,1,-
BRDA:175,0,2,-
BRDA:178,0,1,-
BRDA:178,0,2,-
BRDA:179,0,1,-
BRDA:179,0,2,-
BRDA:179,1,4,-
BRDA:179,1,5,-
BRDA:181,3,1,20
BRDA:181,3,2,0
BRDA:181,4,3,20
BRDA:181,4,4,0
BRF:82
BRH:2
DA:30,0
DA:31,0
DA:34,0
DA:36,0
DA:39,0
DA:40,0
DA:41,0
DA:42,0
DA:43,0
DA:45,0
DA:48,0
DA:52,0
DA:53,0
DA:54,0
DA:55,0
DA:57,0
DA:60,0
DA:63,0
DA:66,0
DA:67,0
DA:68,0
DA:69,0
DA:73,0
DA:74,0
DA:75,0
DA:76,0
DA:77,0
DA:78,0
DA:80,0
DA:82,0
DA:84,0
DA:87,0
DA:90,0
DA:91,0
DA:92,0
DA:94,0
DA:96,0
DA:98,0
DA:100,0
DA:103,0
DA:104,0
DA:110,0
DA:113,0
DA:115,0
DA:116,0
DA:117,0
DA:119,0
DA:121,0
DA:122,0
DA:123,0
DA:124,0
DA:125,0
DA:128,0
DA:131,0
DA:132,0
DA:135,0
DA:137,0
DA:138,0
DA:139,0
DA:142,0
DA:143,0
DA:144,0
DA:145,0
DA:146,0
DA:148,0
DA:150,0
DA:151,0
DA:155,0
DA:157,0
DA:158,0
DA:159,0
DA:163,0
DA:167,0
DA:168,0
DA:171,0
DA:174,0
DA:175,0
DA:178,0
DA:179,0
DA:181,80
LF:80
LH:1
end_of_record
TN:
SF:/home/intel/ros2_overlay_ws/src/ros2_openvino_toolkit/dynamic_vino_lib/src/inferences/emotions_detection.cpp
FN:29,_ZN16dynamic_vino_lib14EmotionsResultC2ERKN2cv5Rect_IiEE
FN:68,_ZN16dynamic_vino_lib17EmotionsDetection13submitRequestEv
FN:109,_ZNK16dynamic_vino_lib17EmotionsDetection16getResultsLengthEv
FN:115,_ZNK16dynamic_vino_lib17EmotionsDetection17getLocationResultEi
FN:125,_ZN16dynamic_vino_lib17EmotionsDetection13observeOutputERKSt10shared_ptrIN7Outputs10BaseOutputEE
FN:133,_ZNK16dynamic_vino_lib17EmotionsDetection15getFilteredROIsENSt7__cxx1112basic_stringIcSt11char_traitsIcESaIcEEE
FN:145,_Z41__static_initialization_and_destruction_0ii
FN:145,_GLOBAL__sub_I_emotions_detection.cpp
FNDA:3,_ZN16dynamic_vino_lib17EmotionsDetectionC2Ev
FNDA:2,_ZN16dynamic_vino_lib17EmotionsDetection12fetchResultsEv
FNDA:3,_ZN16dynamic_vino_lib17EmotionsDetection11loadNetworkESt10shared_ptrIN6Models21EmotionDetectionModelEE
FNDA:0,_ZNK16dynamic_vino_lib17EmotionsDetection7getNameB5cxx11Ev
FNDA:2,_ZN16dynamic_vino_lib17EmotionsDetection13submitRequestEv
FNDA:0,_ZNK16dynamic_vino_lib17EmotionsDetection17getLocationResultEi
FNDA:20,_Z41__static_initialization_and_destruction_0ii
FNDA:16,_ZN16dynamic_vino_lib14EmotionsResultC2ERKN2cv5Rect_IiEE
FNDA:16,_ZN16dynamic_vino_lib17EmotionsDetection7enqueueERKN2cv3MatERKNS1_5Rect_IiEE
FNDA:2,_ZN16dynamic_vino_lib17EmotionsDetection13observeOutputERKSt10shared_ptrIN7Outputs10BaseOutputEE
FNDA:0,_ZNK16dynamic_vino_lib17EmotionsDetection15getFilteredROIsENSt7__cxx1112basic_stringIcSt11char_traitsIcESaIcEEE
FNDA:16,_ZNK16dynamic_vino_lib17EmotionsDetection16getResultsLengthEv
FNDA:20,_GLOBAL__sub_I_emotions_detection.cpp
FNF:13
FNH:10
BRDA:53,0,0,2
BRDA:53,0,1,14
BRDA:56,4294967295,1,16
BRDA:56,4294967295,2,0
BRDA:57,0,1,16
BRDA:57,0,2,0
BRDA:58,0,0,0
BRDA:58,0,1,16
BRDA:64,4294967295,1,16
BRDA:64,4294967295,2,0
BRDA:76,4294967295,0,2
BRDA:76,4294967295,1,0
BRDA:81,4294967295,1,2
BRDA:81,4294967295,2,0
BRDA:86,0,0,0
BRDA:86,0,1,2
BRDA:87,0,1,-
BRDA:87,0,2,-
BRDA:87,1,4,-
BRDA:87,1,5,-
BRDA:88,0,1,-
BRDA:88,0,2,-
BRDA:89,0,1,-
BRDA:89,0,2,-
BRDA:89,1,4,-
BRDA:89,1,5,-
BRDA:89,2,7,-
BRDA:89,2,8,-
BRDA:90,0,1,-
BRDA:90,0,2,-
BRDA:90,1,4,-
BRDA:90,1,5,-
BRDA:92,0,1,-
BRDA:92,0,2,-
BRDA:93,1,2,-
BRDA:93,1,3,-
BRDA:93,2,5,-
BRDA:93,2,6,-
BRDA:99,0,0,16
BRDA:99,0,1,2
BRDA:128,0,0,2
BRDA:128,0,1,0
BRDA:136,0,0,-
BRDA:136,0,1,-
BRDA:141,1,0,-
BRDA:141,1,1,-
BRDA:141,2,3,-
BRDA:141,2,4,-
BRDA:142,0,1,-
BRDA:142,0,2,-
BRDA:145,3,1,20
BRDA:145,3,2,0
BRDA:145,4,3,20
BRDA:145,4,4,0
BRF:54
BRH:14
DA:29,16
DA:30,16
DA:32,16
DA:35,3
DA:36,3
DA:38,3
DA:42,3
DA:46,3
DA:47,3
DA:49,16
DA:53,16
DA:54,2
DA:56,16
DA:57,16
DA:58,16
DA:59,0
DA:63,16
DA:64,16
DA:68,2
DA:70,2
DA:73,2
DA:75,2
DA:76,2
DA:79,4
DA:81,2
DA:85,2
DA:86,2
DA:87,0
DA:88,0
DA:89,0
DA:90,0
DA:92,0
DA:93,0
DA:98,4
DA:99,18
DA:100,16
DA:102,32
DA:103,48
DA:109,16
DA:111,32
DA:115,0
DA:117,0
DA:120,0
DA:122,0
DA:125,2
DA:128,2
DA:129,2
DA:131,2
DA:133,0
DA:136,0
DA:137,0
DA:138,0
DA:141,0
DA:142,0
DA:144,0
DA:145,80
LF:56
LH:38
end_of_record
TN:
SF:/home/intel/ros2_overlay_ws/src/ros2_openvino_toolkit/dynamic_vino_lib/src/inferences/face_detection.cpp
FN:30,_ZN16dynamic_vino_lib19FaceDetectionResultC2ERKN2cv5Rect_IiEE
FN:36,_ZN16dynamic_vino_lib13FaceDetectionC2Ebd
FN:41,_GLOBAL__sub_I_face_detection.cpp
FNDA:20,_GLOBAL__sub_I_face_detection.cpp
FNDA:20,_Z41__static_initialization_and_destruction_0ii
FNDA:0,_ZN16dynamic_vino_lib19FaceDetectionResultC2ERKN2cv5Rect_IiEE
FNDA:0,_ZN16dynamic_vino_lib13FaceDetectionC2Ebd
FNF:4
FNH:2
BRDA:41,3,1,20
BRDA:41,3,2,0
BRDA:41,4,3,20
BRDA:41,4,4,0
BRF:4
BRH:2
DA:30,0
DA:31,0
DA:33,0
DA:36,0
DA:38,0
DA:39,0
DA:41,80
LF:7
LH:1
end_of_record
TN:
SF:/home/intel/ros2_overlay_ws/src/ros2_openvino_toolkit/dynamic_vino_lib/src/inferences/face_reidentification.cpp
FN:28,_ZN16dynamic_vino_lib26FaceReidentificationResultC2ERKN2cv5Rect_IiEE
FN:63,_ZN16dynamic_vino_lib20FaceReidentification13submitRequestEv
FN:88,_ZNK16dynamic_vino_lib20FaceReidentification16getResultsLengthEv
FN:94,_ZNK16dynamic_vino_lib20FaceReidentification17getLocationResultEi
FN:104,_ZN16dynamic_vino_lib20FaceReidentification13observeOutputERKSt10shared_ptrIN7Outputs10BaseOutputEE
FN:112,_ZNK16dynamic_vino_lib20FaceReidentification15getFilteredROIsENSt7__cxx1112basic_stringIcSt11char_traitsIcESaIcEEE
FN:124,_GLOBAL__sub_I_face_reidentification.cpp
FN:124,_Z41__static_initialization_and_destruction_0ii
FNDA:20,_GLOBAL__sub_I_face_reidentification.cpp
FNDA:0,_ZNK16dynamic_vino_lib20FaceReidentification15getFilteredROIsENSt7__cxx1112basic_stringIcSt11char_traitsIcESaIcEEE
FNDA:0,_ZN16dynamic_vino_lib20FaceReidentification11loadNetworkESt10shared_ptrIN6Models25FaceReidentificationModelEE
FNDA:0,_ZN16dynamic_vino_lib20FaceReidentificationC2Ed
FNDA:0,_ZN16dynamic_vino_lib20FaceReidentification13submitRequestEv
FNDA:0,_ZNK16dynamic_vino_lib20FaceReidentification7getNameB5cxx11Ev
FNDA:0,_ZN16dynamic_vino_lib26FaceReidentificationResultC2ERKN2cv5Rect_IiEE
FNDA:20,_Z41__static_initialization_and_destruction_0ii
FNDA:0,_ZN16dynamic_vino_lib20FaceReidentification7enqueueERKN2cv3MatERKNS1_5Rect_IiEE
FNDA:0,_ZNK16dynamic_vino_lib20FaceReidentification17getLocationResultEi
FNDA:0,_ZN16dynamic_vino_lib20FaceReidentification13observeOutputERKSt10shared_ptrIN7Outputs10BaseOutputEE
FNDA:0,_ZN16dynamic_vino_lib20FaceReidentification12fetchResultsEv
FNDA:0,_ZNK16dynamic_vino_lib20FaceReidentification16getResultsLengthEv
FNF:13
FNH:2
BRDA:50,0,0,-
BRDA:50,0,1,-
BRDA:53,4294967295,1,-
BRDA:53,4294967295,2,-
BRDA:53,0,3,-
BRDA:53,0,4,-
BRDA:59,4294967295,1,-
BRDA:59,4294967295,2,-
BRDA:71,4294967295,0,-
BRDA:71,4294967295,1,-
BRDA:75,0,1,-
BRDA:75,0,2,-
BRDA:76,0,1,-
BRDA:76,0,2,-
BRDA:77,0,1,-
BRDA:77,0,2,-
BRDA:77,1,3,-
BRDA:77,1,4,-
BRDA:79,0,1,-
BRDA:79,0,2,-
BRDA:80,0,1,-
BRDA:80,0,2,-
BRDA:80,1,4,-
BRDA:80,1,5,-
BRDA:84,0,0,-
BRDA:84,0,1,-
BRDA:107,0,0,-
BRDA:107,0,1,-
BRDA:115,0,0,-
BRDA:115,0,1,-
BRDA:120,1,0,-
BRDA:120,1,1,-
BRDA:120,2,3,-
BRDA:120,2,4,-
BRDA:121,0,1,-
BRDA:121,0,2,-
BRDA:124,3,1,20
BRDA:124,3,2,0
BRDA:124,4,3,20
BRDA:124,4,4,0
BRF:40
BRH:2
DA:28,0
DA:29,0
DA:30,0
DA:33,0
DA:34,0
DA:36,0
DA:37,0
DA:40,0
DA:44,0
DA:45,0
DA:47,0
DA:50,0
DA:51,0
DA:53,0
DA:54,0
DA:58,0
DA:59,0
DA:63,0
DA:65,0
DA:68,0
DA:70,0
DA:71,0
DA:73,0
DA:75,0
DA:76,0
DA:77,0
DA:79,0
DA:80,0
DA:81,0
DA:84,0
DA:88,0
DA:90,0
DA:94,0
DA:96,0
DA:99,0
DA:101,0
DA:104,0
DA:107,0
DA:108,0
DA:110,0
DA:112,0
DA:115,0
DA:116,0
DA:117,0
DA:120,0
DA:121,0
DA:123,0
DA:124,80
LF:48
LH:1
end_of_record
TN:
SF:/home/intel/ros2_overlay_ws/src/ros2_openvino_toolkit/dynamic_vino_lib/src/inferences/head_pose_detection.cpp
FN:28,_ZN16dynamic_vino_lib14HeadPoseResultC2ERKN2cv5Rect_IiEE
FN:65,_ZN16dynamic_vino_lib17HeadPoseDetection13submitRequestEv
FN:89,_ZNK16dynamic_vino_lib17HeadPoseDetection16getResultsLengthEv
FN:95,_ZNK16dynamic_vino_lib17HeadPoseDetection17getLocationResultEi
FN:105,_ZN16dynamic_vino_lib17HeadPoseDetection13observeOutputERKSt10shared_ptrIN7Outputs10BaseOutputEE
FN:113,_ZNK16dynamic_vino_lib17HeadPoseDetection15getFilteredROIsENSt7__cxx1112basic_stringIcSt11char_traitsIcESaIcEEE
FN:125,_GLOBAL__sub_I_head_pose_detection.cpp
FN:125,_Z41__static_initialization_and_destruction_0ii
FNDA:3,_ZN16dynamic_vino_lib17HeadPoseDetectionC2Ev
FNDA:0,_ZNK16dynamic_vino_lib17HeadPoseDetection17getLocationResultEi
FNDA:34,_ZNK16dynamic_vino_lib17HeadPoseDetection16getResultsLengthEv
FNDA:0,_ZNK16dynamic_vino_lib17HeadPoseDetection7getNameB5cxx11Ev
FNDA:2,_ZN16dynamic_vino_lib17HeadPoseDetection13observeOutputERKSt10shared_ptrIN7Outputs10BaseOutputEE
FNDA:3,_ZN16dynamic_vino_lib17HeadPoseDetection11loadNetworkESt10shared_ptrIN6Models22HeadPoseDetectionModelEE
FNDA:0,_ZNK16dynamic_vino_lib17HeadPoseDetection15getFilteredROIsENSt7__cxx1112basic_stringIcSt11char_traitsIcESaIcEEE
FNDA:20,_Z41__static_initialization_and_destruction_0ii
FNDA:2,_ZN16dynamic_vino_lib17HeadPoseDetection13submitRequestEv
FNDA:2,_ZN16dynamic_vino_lib17HeadPoseDetection12fetchResultsEv
FNDA:16,_ZN16dynamic_vino_lib14HeadPoseResultC2ERKN2cv5Rect_IiEE
FNDA:16,_ZN16dynamic_vino_lib17HeadPoseDetection7enqueueERKN2cv3MatERKNS1_5Rect_IiEE
FNDA:20,_GLOBAL__sub_I_head_pose_detection.cpp
FNF:13
FNH:10
BRDA:52,0,0,2
BRDA:52,0,1,14
BRDA:55,4294967295,1,16
BRDA:55,4294967295,2,0
BRDA:56,0,1,16
BRDA:56,0,2,0
BRDA:57,0,0,16
BRDA:57,0,1,0
BRDA:73,4294967295,0,2
BRDA:73,4294967295,1,0
BRDA:77,0,1,2
BRDA:77,0,2,0
BRDA:78,0,1,2
BRDA:78,0,2,0
BRDA:79,0,1,2
BRDA:79,0,2,0
BRDA:81,0,1,18
BRDA:81,0,2,0
BRDA:81,1,3,16
BRDA:81,1,4,2
BRDA:108,0,0,2
BRDA:108,0,1,0
BRDA:116,0,0,-
BRDA:116,0,1,-
BRDA:121,1,0,-
BRDA:121,1,1,-
BRDA:122,0,1,-
BRDA:122,0,2,-
BRDA:125,3,1,20
BRDA:125,3,2,0
BRDA:125,4,3,20
BRDA:125,4,4,0
BRF:32
BRH:15
DA:28,16
DA:29,16
DA:31,16
DA:34,3
DA:35,3
DA:37,3
DA:41,3
DA:45,3
DA:46,3
DA:48,16
DA:52,16
DA:55,16
DA:56,16
DA:57,16
DA:60,16
DA:61,16
DA:65,2
DA:67,2
DA:70,2
DA:72,2
DA:73,2
DA:76,2
DA:77,2
DA:78,2
DA:79,4
DA:81,18
DA:82,16
DA:83,16
DA:84,16
DA:89,34
DA:91,68
DA:95,0
DA:97,0
DA:100,0
DA:102,0
DA:105,2
DA:108,2
DA:109,2
DA:111,2
DA:113,0
DA:116,0
DA:117,0
DA:118,0
DA:121,0
DA:122,0
DA:124,0
DA:125,80
LF:47
LH:36
end_of_record
TN:
SF:/home/intel/ros2_overlay_ws/src/ros2_openvino_toolkit/dynamic_vino_lib/src/inferences/landmarks_detection.cpp
FN:28,_ZN16dynamic_vino_lib24LandmarksDetectionResultC2ERKN2cv5Rect_IiEE
FN:60,_ZN16dynamic_vino_lib18LandmarksDetection13submitRequestEv
FN:90,_ZNK16dynamic_vino_lib18LandmarksDetection16getResultsLengthEv
FN:96,_ZNK16dynamic_vino_lib18LandmarksDetection17getLocationResultEi
FN:106,_ZN16dynamic_vino_lib18LandmarksDetection13observeOutputERKSt10shared_ptrIN7Outputs10BaseOutputEE
FN:114,_ZNK16dynamic_vino_lib18LandmarksDetection15getFilteredROIsENSt7__cxx1112basic_stringIcSt11char_traitsIcESaIcEEE
FN:126,_GLOBAL__sub_I_landmarks_detection.cpp
FN:126,_Z41__static_initialization_and_destruction_0ii
FNDA:0,_ZNK16dynamic_vino_lib18LandmarksDetection16getResultsLengthEv
FNDA:0,_ZN16dynamic_vino_lib18LandmarksDetectionC2Ev
FNDA:0,_ZNK16dynamic_vino_lib18LandmarksDetection17getLocationResultEi
FNDA:0,_ZN16dynamic_vino_lib18LandmarksDetection7enqueueERKN2cv3MatERKNS1_5Rect_IiEE
FNDA:0,_ZN16dynamic_vino_lib18LandmarksDetection11loadNetworkESt10shared_ptrIN6Models23LandmarksDetectionModelEE
FNDA:0,_ZN16dynamic_vino_lib18LandmarksDetection12fetchResultsEv
FNDA:0,_ZN16dynamic_vino_lib24LandmarksDetectionResultC2ERKN2cv5Rect_IiEE
FNDA:0,_ZNK16dynamic_vino_lib18LandmarksDetection15getFilteredROIsENSt7__cxx1112basic_stringIcSt11char_traitsIcESaIcEEE
FNDA:20,_GLOBAL__sub_I_landmarks_detection.cpp
FNDA:0,_ZN16dynamic_vino_lib18LandmarksDetection13observeOutputERKSt10shared_ptrIN7Outputs10BaseOutputEE
FNDA:0,_ZNK16dynamic_vino_lib18LandmarksDetection7getNameB5cxx11Ev
FNDA:0,_ZN16dynamic_vino_lib18LandmarksDetection13submitRequestEv
FNDA:20,_Z41__static_initialization_and_destruction_0ii
FNF:13
FNH:2
BRDA:47,0,0,-
BRDA:47,0,1,-
BRDA:50,4294967295,1,-
BRDA:50,4294967295,2,-
BRDA:50,0,3,-
BRDA:50,0,4,-
BRDA:56,4294967295,1,-
BRDA:56,4294967295,2,-
BRDA:68,4294967295,0,-
BRDA:68,4294967295,1,-
BRDA:72,0,1,-
BRDA:72,0,2,-
BRDA:73,0,1,-
BRDA:73,0,2,-
BRDA:74,0,1,-
BRDA:74,0,2,-
BRDA:74,1,3,-
BRDA:74,1,4,-
BRDA:76,0,1,-
BRDA:76,0,2,-
BRDA:77,0,0,-
BRDA:77,0,1,-
BRDA:82,0,1,-
BRDA:82,0,2,-
BRDA:86,0,0,-
BRDA:86,0,1,-
BRDA:109,0,0,-
BRDA:109,0,1,-
BRDA:117,0,0,-
BRDA:117,0,1,-
BRDA:122,1,0,-
BRDA:122,1,1,-
BRDA:123,0,1,-
BRDA:123,0,2,-
BRDA:126,3,1,20
BRDA:126,3,2,0
BRDA:126,4,3,20
BRDA:126,4,4,0
BRF:38
BRH:2
DA:28,0
DA:29,0
DA:30,0
DA:33,0
DA:34,0
DA:37,0
DA:41,0
DA:42,0
DA:44,0
DA:47,0
DA:48,0
DA:50,0
DA:51,0
DA:55,0
DA:56,0
DA:60,0
DA:62,0
DA:65,0
DA:67,0
DA:68,0
DA:70,0
DA:72,0
DA:73,0
DA:74,0
DA:76,0
DA:77,0
DA:78,0
DA:79,0
DA:80,0
DA:81,0
DA:82,0
DA:86,0
DA:90,0
DA:92,0
DA:96,0
DA:98,0
DA:101,0
DA:103,0
DA:106,0
DA:109,0
DA:110,0
DA:112,0
DA:114,0
DA:117,0
DA:118,0
DA:119,0
DA:122,0
DA:123,0
DA:125,0
DA:126,80
LF:50
LH:1
end_of_record
TN:
SF:/home/intel/ros2_overlay_ws/src/ros2_openvino_toolkit/dynamic_vino_lib/src/inferences/license_plate_detection.cpp
FN:28,_ZN16dynamic_vino_lib27LicensePlateDetectionResultC2ERKN2cv5Rect_IiEE
FN:73,_ZN16dynamic_vino_lib21LicensePlateDetection13submitRequestEv
FN:102,_ZNK16dynamic_vino_lib21LicensePlateDetection16getResultsLengthEv
FN:108,_ZNK16dynamic_vino_lib21LicensePlateDetection17getLocationResultEi
FN:118,_ZN16dynamic_vino_lib21LicensePlateDetection13observeOutputERKSt10shared_ptrIN7Outputs10BaseOutputEE
FN:126,_ZNK16dynamic_vino_lib21LicensePlateDetection15getFilteredROIsENSt7__cxx1112basic_stringIcSt11char_traitsIcESaIcEEE
FN:138,_Z41__static_initialization_and_destruction_0ii
FN:138,_GLOBAL__sub_I_license_plate_detection.cpp
FNDA:20,_Z41__static_initialization_and_destruction_0ii
FNDA:0,_ZN16dynamic_vino_lib21LicensePlateDetection11loadNetworkESt10shared_ptrIN6Models26LicensePlateDetectionModelEE
FNDA:0,_ZN16dynamic_vino_lib27LicensePlateDetectionResultC2ERKN2cv5Rect_IiEE
FNDA:20,_GLOBAL__sub_I_license_plate_detection.cpp
FNDA:0,_ZN16dynamic_vino_lib21LicensePlateDetection13submitRequestEv
FNDA:0,_ZN16dynamic_vino_lib21LicensePlateDetectionC2Ev
FNDA:0,_ZN16dynamic_vino_lib21LicensePlateDetection7enqueueERKN2cv3MatERKNS1_5Rect_IiEE
FNDA:0,_ZN16dynamic_vino_lib21LicensePlateDetection13observeOutputERKSt10shared_ptrIN7Outputs10BaseOutputEE
FNDA:0,_ZN16dynamic_vino_lib21LicensePlateDetection11fillSeqBlobEv
FNDA:0,_ZNK16dynamic_vino_lib21LicensePlateDetection15getFilteredROIsENSt7__cxx1112basic_stringIcSt11char_traitsIcESaIcEEE
FNDA:0,_ZNK16dynamic_vino_lib21LicensePlateDetection7getNameB5cxx11Ev
FNDA:0,_ZNK16dynamic_vino_lib21LicensePlateDetection17getLocationResultEi
FNDA:0,_ZNK16dynamic_vino_lib21LicensePlateDetection16getResultsLengthEv
FNDA:0,_ZN16dynamic_vino_lib21LicensePlateDetection12fetchResultsEv
FNF:14
FNH:2
BRDA:34,0,2,-
BRDA:34,0,3,-
BRDA:34,1,5,-
BRDA:34,1,6,-
BRDA:34,2,8,-
BRDA:34,2,9,-
BRDA:34,3,11,-
BRDA:34,3,12,-
BRDA:34,4,14,-
BRDA:34,4,15,-
BRDA:34,5,17,-
BRDA:34,5,18,-
BRDA:34,6,20,-
BRDA:34,6,21,-
BRDA:34,7,23,-
BRDA:34,7,24,-
BRDA:34,8,26,-
BRDA:34,8,27,-
BRDA:34,9,29,-
BRDA:34,9,30,-
BRDA:34,10,32,-
BRDA:34,10,33,-
BRDA:34,11,35,-
BRDA:34,11,36,-
BRDA:34,12,38,-
BRDA:34,12,39,-
BRDA:34,13,41,-
BRDA:34,13,42,-
BRDA:34,14,44,-
BRDA:34,14,45,-
BRDA:34,15,47,-
BRDA:34,15,48,-
BRDA:34,16,50,-
BRDA:34,16,51,-
BRDA:34,17,53,-
BRDA:34,17,54,-
BRDA:34,18,56,-
BRDA:34,18,57,-
BRDA:34,19,59,-
BRDA:34,19,60,-
BRDA:34,20,62,-
BRDA:34,20,63,-
BRDA:34,21,65,-
BRDA:34,21,66,-
BRDA:34,22,68,-
BRDA:34,22,69,-
BRDA:34,23,71,-
BRDA:34,23,72,-
BRDA:34,24,74,-
BRDA:34,24,75,-
BRDA:34,25,77,-
BRDA:34,25,78,-
BRDA:34,26,80,-
BRDA:34,26,81,-
BRDA:34,27,83,-
BRDA:34,27,84,-
BRDA:34,28,86,-
BRDA:34,28,87,-
BRDA:34,29,89,-
BRDA:34,29,90,-
BRDA:34,30,92,-
BRDA:34,30,93,-
BRDA:34,31,95,-
BRDA:34,31,96,-
BRDA:34,32,98,-
BRDA:34,32,99,-
BRDA:34,33,101,-
BRDA:34,33,102,-
BRDA:34,34,104,-
BRDA:34,34,105,-
BRDA:34,35,107,-
BRDA:34,35,108,-
BRDA:34,36,110,-
BRDA:34,36,111,-
BRDA:34,37,113,-
BRDA:34,37,114,-
BRDA:34,38,116,-
BRDA:34,38,117,-
BRDA:34,39,119,-
BRDA:34,39,120,-
BRDA:34,40,122,-
BRDA:34,40,123,-
BRDA:34,41,125,-
BRDA:34,41,126,-
BRDA:34,42,128,-
BRDA:34,42,129,-
BRDA:34,43,131,-
BRDA:34,43,132,-
BRDA:34,44,134,-
BRDA:34,44,135,-
BRDA:34,45,137,-
BRDA:34,45,138,-
BRDA:34,46,140,-
BRDA:34,46,141,-
BRDA:34,47,143,-
BRDA:34,47,144,-
BRDA:34,48,146,-
BRDA:34,48,147,-
BRDA:34,49,149,-
BRDA:34,49,150,-
BRDA:34,50,152,-
BRDA:34,50,153,-
BRDA:34,51,155,-
BRDA:34,51,156,-
BRDA:34,52,158,-
BRDA:34,52,159,-
BRDA:34,53,161,-
BRDA:34,53,162,-
BRDA:34,54,164,-
BRDA:34,54,165,-
BRDA:34,55,167,-
BRDA:34,55,168,-
BRDA:34,56,170,-
BRDA:34,56,171,-
BRDA:34,57,173,-
BRDA:34,57,174,-
BRDA:34,58,176,-
BRDA:34,58,177,-
BRDA:34,59,179,-
BRDA:34,59,180,-
BRDA:34,60,182,-
BRDA:34,60,183,-
BRDA:34,61,185,-
BRDA:34,61,186,-
BRDA:34,62,188,-
BRDA:34,62,189,-
BRDA:34,63,191,-
BRDA:34,63,192,-
BRDA:34,64,194,-
BRDA:34,64,195,-
BRDA:34,65,197,-
BRDA:34,65,198,-
BRDA:34,66,200,-
BRDA:34,66,201,-
BRDA:34,67,203,-
BRDA:34,67,204,-
BRDA:34,68,206,-
BRDA:34,68,207,-
BRDA:34,69,209,-
BRDA:34,69,210,-
BRDA:34,70,212,-
BRDA:34,70,213,-
BRDA:34,73,214,-
BRDA:34,73,215,-
BRDA:34,74,216,-
BRDA:34,74,217,-
BRDA:47,0,1,-
BRDA:47,0,2,-
BRDA:59,0,0,-
BRDA:59,0,1,-
BRDA:62,4294967295,1,-
BRDA:62,4294967295,2,-
BRDA:62,0,3,-
BRDA:62,0,4,-
BRDA:69,4294967295,1,-
BRDA:69,4294967295,2,-
BRDA:81,4294967295,0,-
BRDA:81,4294967295,1,-
BRDA:85,0,1,-
BRDA:85,0,2,-
BRDA:86,0,1,-
BRDA:86,0,2,-
BRDA:86,1,3,-
BRDA:86,1,4,-
BRDA:87,0,1,-
BRDA:87,0,2,-
BRDA:89,0,0,-
BRDA:89,0,1,-
BRDA:90,0,0,-
BRDA:90,0,1,-
BRDA:98,0,0,-
BRDA:98,0,1,-
BRDA:121,0,0,-
BRDA:121,0,1,-
BRDA:129,0,0,-
BRDA:129,0,1,-
BRDA:134,1,0,-
BRDA:134,1,1,-
BRDA:134,2,3,-
BRDA:134,2,4,-
BRDA:135,0,1,-
BRDA:135,0,2,-
BRDA:138,3,1,20
BRDA:138,3,2,0
BRDA:138,4,3,20
BRDA:138,4,4,0
BRF:186
BRH:2
DA:28,0
DA:29,0
DA:30,0
DA:33,0
DA:34,0
DA:37,0
DA:41,0
DA:42,0
DA:44,0
DA:46,0
DA:47,0
DA:48,0
DA:51,0
DA:52,0
DA:53,0
DA:54,0
DA:56,0
DA:59,0
DA:60,0
DA:62,0
DA:63,0
DA:67,0
DA:68,0
DA:69,0
DA:73,0
DA:75,0
DA:78,0
DA:80,0
DA:81,0
DA:83,0
DA:85,0
DA:86,0
DA:87,0
DA:88,0
DA:89,0
DA:90,0
DA:93,0
DA:95,0
DA:98,0
DA:102,0
DA:104,0
DA:108,0
DA:110,0
DA:113,0
DA:115,0
DA:118,0
DA:121,0
DA:122,0
DA:124,0
DA:126,0
DA:129,0
DA:130,0
DA:131,0
DA:134,0
DA:135,0
DA:137,0
DA:138,80
LF:57
LH:1
end_of_record
TN:
SF:/home/intel/ros2_overlay_ws/src/ros2_openvino_toolkit/dynamic_vino_lib/src/inferences/object_detection.cpp
FN:30,_ZN16dynamic_vino_lib21ObjectDetectionResultC2ERKN2cv5Rect_IiEE
FN:94,_ZNK16dynamic_vino_lib15ObjectDetection16getResultsLengthEv
FN:100,_ZNK16dynamic_vino_lib15ObjectDetection17getLocationResultEi
FN:110,_ZN16dynamic_vino_lib15ObjectDetection13observeOutputERKSt10shared_ptrIN7Outputs10BaseOutputEE
FN:135,_ZN16dynamic_vino_lib27ObjectDetectionResultFilterC2Ev
FN:137,_ZN16dynamic_vino_lib27ObjectDetectionResultFilter4initEv
FN:143,_ZN16dynamic_vino_lib27ObjectDetectionResultFilter13acceptResultsERKSt6vectorINS_21ObjectDetectionResultESaIS2_EE
FN:150,_ZN16dynamic_vino_lib27ObjectDetectionResultFilter20getFilteredLocationsEv
FN:161,_ZN16dynamic_vino_lib27ObjectDetectionResultFilter12isValidLabelERKNS_21ObjectDetectionResultERKNSt7__cxx1112basic_stringIcSt11char_traitsIcESaIcEEESB_
FN:167,_ZN16dynamic_vino_lib27ObjectDetectionResultFilter17isValidConfidenceERKNS_21ObjectDetectionResultERKNSt7__cxx1112basic_stringIcSt11char_traitsIcESaIcEEESB_
FN:173,_ZN16dynamic_vino_lib27ObjectDetectionResultFilter13isValidResultERKNS_21ObjectDetectionResultE
FN:179,_ZN16dynamic_vino_lib15ObjectDetection21IntersectionOverUnionERKN2cv5Rect_IiEES5_
FN:207,_Z41__static_initialization_and_destruction_0ii
FN:207,_GLOBAL__sub_I_object_detection.cpp
FNDA:0,_ZNK16dynamic_vino_lib15ObjectDetection16getResultsLengthEv
FNDA:5,_ZN16dynamic_vino_lib15ObjectDetection11loadNetworkESt10shared_ptrIN6Models20ObjectDetectionModelEE
FNDA:0,_ZN16dynamic_vino_lib27ObjectDetectionResultFilter17isValidConfidenceERKNS_21ObjectDetectionResultERKNSt7__cxx1112basic_stringIcSt11char_traitsIcESaIcEEESB_
FNDA:8,_ZN16dynamic_vino_lib27ObjectDetectionResultFilter4initEv
FNDA:6,_ZNK16dynamic_vino_lib15ObjectDetection15getFilteredROIsENSt7__cxx1112basic_stringIcSt11char_traitsIcESaIcEEE
FNDA:20,_GLOBAL__sub_I_object_detection.cpp
FNDA:8,_ZN16dynamic_vino_lib27ObjectDetectionResultFilterC2Ev
FNDA:0,_ZN16dynamic_vino_lib27ObjectDetectionResultFilter13isValidResultERKNS_21ObjectDetectionResultE
FNDA:0,_ZN16dynamic_vino_lib27ObjectDetectionResultFilter12isValidLabelERKNS_21ObjectDetectionResultERKNSt7__cxx1112basic_stringIcSt11char_traitsIcESaIcEEESB_
FNDA:406,_ZN16dynamic_vino_lib21ObjectDetectionResultC2ERKN2cv5Rect_IiEE
FNDA:20,_Z41__static_initialization_and_destruction_0ii
FNDA:0,_ZNK16dynamic_vino_lib15ObjectDetection7getNameB5cxx11Ev
FNDA:4,_ZN16dynamic_vino_lib15ObjectDetection12fetchResultsEv
FNDA:4,_ZN16dynamic_vino_lib15ObjectDetection7enqueueERKN2cv3MatERKNS1_5Rect_IiEE
FNDA:0,_ZN16dynamic_vino_lib27ObjectDetectionResultFilter13acceptResultsERKSt6vectorINS_21ObjectDetectionResultESaIS2_EE
FNDA:0,_ZNK16dynamic_vino_lib15ObjectDetection17getLocationResultEi
FNDA:8,_ZN16dynamic_vino_lib15ObjectDetectionC2Ebd
FNDA:0,_ZN16dynamic_vino_lib27ObjectDetectionResultFilter20getFilteredLocationsEv
FNDA:0,_ZN16dynamic_vino_lib15ObjectDetection21IntersectionOverUnionERKN2cv5Rect_IiEES5_
FNDA:4,_ZN16dynamic_vino_lib15ObjectDetection13observeOutputERKSt10shared_ptrIN7Outputs10BaseOutputEE
FNF:20
FNH:11
BRDA:43,0,1,8
BRDA:43,0,2,0
BRDA:59,0,0,4
BRDA:59,0,1,0
BRDA:59,0,2,0
BRDA:59,0,3,4
BRDA:59,1,4,-
BRDA:59,1,5,-
BRDA:59,2,6,4
BRDA:59,2,7,0
BRDA:63,0,0,0
BRDA:63,0,1,4
BRDA:64,0,3,-
BRDA:64,0,4,-
BRDA:64,1,6,-
BRDA:64,1,7,-
BRDA:65,0,1,-
BRDA:65,0,2,-
BRDA:65,1,4,-
BRDA:65,1,5,-
BRDA:69,4294967295,1,4
BRDA:69,4294967295,2,0
BRDA:69,0,3,4
BRDA:69,0,4,0
BRDA:84,4294967295,0,4
BRDA:84,4294967295,1,0
BRDA:90,4294967295,0,4
BRDA:90,4294967295,1,0
BRDA:90,4294967295,3,4
BRDA:90,4294967295,4,0
BRDA:90,0,5,0
BRDA:90,0,6,4
BRDA:91,0,0,-
BRDA:91,0,1,-
BRDA:113,0,0,4
BRDA:113,0,1,0
BRDA:121,0,1,6
BRDA:121,0,2,0
BRDA:123,1,0,48
BRDA:123,1,1,6
BRDA:123,2,3,48
BRDA:123,2,4,0
BRDA:124,0,1,48
BRDA:124,0,2,0
BRDA:153,0,0,-
BRDA:153,0,1,-
BRDA:153,1,3,-
BRDA:153,1,4,-
BRDA:154,0,1,-
BRDA:154,0,2,-
BRDA:154,1,3,-
BRDA:154,1,4,-
BRDA:155,0,1,-
BRDA:155,0,2,-
BRDA:164,4294967295,1,-
BRDA:164,4294967295,2,-
BRDA:176,1,2,-
BRDA:176,1,3,-
BRDA:176,2,5,-
BRDA:176,2,6,-
BRDA:176,3,7,-
BRDA:176,3,8,-
BRDA:176,4,10,-
BRDA:176,4,11,-
BRDA:176,5,12,-
BRDA:176,5,13,-
BRDA:176,6,15,-
BRDA:176,6,16,-
BRDA:176,7,18,-
BRDA:176,7,19,-
BRDA:176,8,21,-
BRDA:176,8,22,-
BRDA:176,9,24,-
BRDA:176,9,25,-
BRDA:176,11,27,-
BRDA:176,11,28,-
BRDA:176,13,29,-
BRDA:176,13,30,-
BRDA:176,14,32,-
BRDA:176,14,33,-
BRDA:176,14,37,-
BRDA:176,14,38,-
BRDA:176,14,40,-
BRDA:176,14,41,-
BRDA:196,0,0,-
BRDA:196,0,1,-
BRDA:196,1,2,-
BRDA:196,1,3,-
BRDA:207,3,1,20
BRDA:207,3,2,0
BRDA:207,4,3,20
BRDA:207,4,4,0
BRF:92
BRH:19
DA:30,406
DA:31,406
DA:33,406
DA:36,8
DA:38,8
DA:40,8
DA:42,8
DA:43,8
DA:44,8
DA:48,5
DA:53,5
DA:54,5
DA:55,4
DA:59,12
DA:63,4
DA:64,0
DA:65,0
DA:66,0
DA:69,8
DA:77,4
DA:78,4
DA:81,4
DA:83,4
DA:84,4
DA:88,4
DA:90,8
DA:91,4
DA:94,0
DA:96,0
DA:100,0
DA:102,0
DA:105,0
DA:107,0
DA:110,4
DA:113,4
DA:114,4
DA:116,4
DA:118,6
DA:121,6
DA:123,54
DA:124,48
DA:128,0
DA:129,0
DA:130,6
DA:135,16
DA:137,8
DA:139,16
DA:140,16
DA:141,8
DA:143,0
DA:146,0
DA:147,0
DA:150,0
DA:153,0
DA:154,0
DA:155,0
DA:158,0
DA:161,0
DA:164,0
DA:167,0
DA:170,0
DA:173,0
DA:176,0
DA:179,0
DA:183,0
DA:185,0
DA:188,0
DA:190,0
DA:193,0
DA:194,0
DA:196,0
DA:199,0
DA:202,0
DA:203,0
DA:204,0
DA:206,0
DA:207,80
LF:77
LH:39
end_of_record
TN:
SF:/home/intel/ros2_overlay_ws/src/ros2_openvino_toolkit/dynamic_vino_lib/src/inferences/object_segmentation.cpp
FN:30,_ZN16dynamic_vino_lib24ObjectSegmentationResultC2ERKN2cv5Rect_IiEE
FN:69,_ZN16dynamic_vino_lib18ObjectSegmentation13submitRequestEv
FN:132,_ZNK16dynamic_vino_lib18ObjectSegmentation16getResultsLengthEv
FN:138,_ZNK16dynamic_vino_lib18ObjectSegmentation17getLocationResultEi
FN:148,_ZN16dynamic_vino_lib18ObjectSegmentation13observeOutputERKSt10shared_ptrIN7Outputs10BaseOutputEE
FN:156,_ZNK16dynamic_vino_lib18ObjectSegmentation15getFilteredROIsENSt7__cxx1112basic_stringIcSt11char_traitsIcESaIcEEE
FN:168,_Z41__static_initialization_and_destruction_0ii
FN:168,_GLOBAL__sub_I_object_segmentation.cpp
FNDA:0,_ZN16dynamic_vino_lib18ObjectSegmentationC2Ed
FNDA:0,_ZN16dynamic_vino_lib18ObjectSegmentation13observeOutputERKSt10shared_ptrIN7Outputs10BaseOutputEE
FNDA:0,_ZNK16dynamic_vino_lib18ObjectSegmentation16getResultsLengthEv
FNDA:20,_Z41__static_initialization_and_destruction_0ii
FNDA:0,_ZN16dynamic_vino_lib18ObjectSegmentation11loadNetworkESt10shared_ptrIN6Models23ObjectSegmentationModelEE
FNDA:20,_GLOBAL__sub_I_object_segmentation.cpp
FNDA:0,_ZNK16dynamic_vino_lib18ObjectSegmentation15getFilteredROIsENSt7__cxx1112basic_stringIcSt11char_traitsIcESaIcEEE
FNDA:0,_ZNK16dynamic_vino_lib18ObjectSegmentation17getLocationResultEi
FNDA:0,_ZNK16dynamic_vino_lib18ObjectSegmentation7getNameB5cxx11Ev
FNDA:0,_ZN16dynamic_vino_lib24ObjectSegmentationResultC2ERKN2cv5Rect_IiEE
FNDA:0,_ZN16dynamic_vino_lib18ObjectSegmentation12fetchResultsEv
FNDA:0,_ZN16dynamic_vino_lib18ObjectSegmentation7enqueueERKN2cv3MatERKNS1_5Rect_IiEE
FNDA:0,_ZN16dynamic_vino_lib18ObjectSegmentation13submitRequestEv
FNF:13
FNH:2
BRDA:54,0,0,-
BRDA:54,0,1,-
BRDA:58,4294967295,1,-
BRDA:58,4294967295,2,-
BRDA:58,0,3,-
BRDA:58,0,4,-
BRDA:65,0,1,-
BRDA:65,0,2,-
BRDA:77,4294967295,0,-
BRDA:77,4294967295,1,-
BRDA:85,0,1,-
BRDA:85,0,2,-
BRDA:85,1,4,-
BRDA:85,1,5,-
BRDA:87,0,1,-
BRDA:87,0,2,-
BRDA:87,1,4,-
BRDA:87,1,5,-
BRDA:96,0,0,-
BRDA:96,0,1,-
BRDA:99,0,0,-
BRDA:99,0,1,-
BRDA:103,0,0,-
BRDA:103,0,1,-
BRDA:112,0,1,-
BRDA:112,0,2,-
BRDA:115,0,1,-
BRDA:115,0,2,-
BRDA:116,0,1,-
BRDA:116,0,2,-
BRDA:119,0,0,-
BRDA:119,0,1,-
BRDA:119,1,3,-
BRDA:119,1,4,-
BRDA:120,0,1,-
BRDA:120,0,2,-
BRDA:120,1,3,-
BRDA:120,1,4,-
BRDA:120,2,5,-
BRDA:120,2,6,-
BRDA:120,2,7,-
BRDA:120,2,8,-
BRDA:120,2,9,-
BRDA:120,2,10,-
BRDA:121,0,1,-
BRDA:121,0,2,-
BRDA:123,0,1,-
BRDA:123,0,2,-
BRDA:126,0,0,-
BRDA:126,0,1,-
BRDA:151,0,0,-
BRDA:151,0,1,-
BRDA:159,0,0,-
BRDA:159,0,1,-
BRDA:164,1,0,-
BRDA:164,1,1,-
BRDA:164,2,3,-
BRDA:164,2,4,-
BRDA:165,0,1,-
BRDA:165,0,2,-
BRDA:168,3,1,20
BRDA:168,3,2,0
BRDA:168,4,3,20
BRDA:168,4,4,0
BRF:64
BRH:2
DA:30,0
DA:31,0
DA:33,0
DA:36,0
DA:37,0
DA:39,0
DA:43,0
DA:47,0
DA:48,0
DA:50,0
DA:54,0
DA:55,0
DA:56,0
DA:58,0
DA:59,0
DA:63,0
DA:64,0
DA:65,0
DA:69,0
DA:71,0
DA:74,0
DA:76,0
DA:77,0
DA:81,0
DA:82,0
DA:85,0
DA:86,0
DA:87,0
DA:88,0
DA:90,0
DA:91,0
DA:92,0
DA:93,0
DA:94,0
DA:95,0
DA:96,0
DA:97,0
DA:98,0
DA:99,0
DA:102,0
DA:103,0
DA:104,0
DA:105,0
DA:106,0
DA:107,0
DA:108,0
DA:109,0
DA:110,0
DA:111,0
DA:112,0
DA:113,0
DA:114,0
DA:115,0
DA:116,0
DA:117,0
DA:119,0
DA:120,0
DA:121,0
DA:123,0
DA:126,0
DA:132,0
DA:134,0
DA:138,0
DA:140,0
DA:143,0
DA:145,0
DA:148,0
DA:151,0
DA:152,0
DA:154,0
DA:156,0
DA:159,0
DA:160,0
DA:161,0
DA:164,0
DA:165,0
DA:167,0
DA:168,80
LF:78
LH:1
end_of_record
TN:
SF:/home/intel/ros2_overlay_ws/src/ros2_openvino_toolkit/dynamic_vino_lib/src/inferences/person_attribs_detection.cpp
FN:28,_ZN16dynamic_vino_lib28PersonAttribsDetectionResultC2ERKN2cv5Rect_IiEE
FN:60,_ZN16dynamic_vino_lib22PersonAttribsDetection13submitRequestEv
FN:88,_ZNK16dynamic_vino_lib22PersonAttribsDetection16getResultsLengthEv
FN:94,_ZNK16dynamic_vino_lib22PersonAttribsDetection17getLocationResultEi
FN:104,_ZN16dynamic_vino_lib22PersonAttribsDetection13observeOutputERKSt10shared_ptrIN7Outputs10BaseOutputEE
FN:112,_ZNK16dynamic_vino_lib22PersonAttribsDetection15getFilteredROIsENSt7__cxx1112basic_stringIcSt11char_traitsIcESaIcEEE
FN:124,_Z41__static_initialization_and_destruction_0ii
FN:124,_GLOBAL__sub_I_person_attribs_detection.cpp
FNDA:20,_GLOBAL__sub_I_person_attribs_detection.cpp
FNDA:0,_ZNK16dynamic_vino_lib22PersonAttribsDetection7getNameB5cxx11Ev
FNDA:0,_ZNK16dynamic_vino_lib22PersonAttribsDetection17getLocationResultEi
FNDA:0,_ZN16dynamic_vino_lib22PersonAttribsDetection13submitRequestEv
FNDA:0,_ZN16dynamic_vino_lib22PersonAttribsDetection7enqueueERKN2cv3MatERKNS1_5Rect_IiEE
FNDA:0,_ZNK16dynamic_vino_lib22PersonAttribsDetection15getFilteredROIsENSt7__cxx1112basic_stringIcSt11char_traitsIcESaIcEEE
FNDA:0,_ZN16dynamic_vino_lib28PersonAttribsDetectionResultC2ERKN2cv5Rect_IiEE
FNDA:0,_ZN16dynamic_vino_lib22PersonAttribsDetection12fetchResultsEv
FNDA:0,_ZN16dynamic_vino_lib22PersonAttribsDetection13observeOutputERKSt10shared_ptrIN7Outputs10BaseOutputEE
FNDA:20,_Z41__static_initialization_and_destruction_0ii
FNDA:0,_ZN16dynamic_vino_lib22PersonAttribsDetection11loadNetworkESt10shared_ptrIN6Models27PersonAttribsDetectionModelEE
FNDA:0,_ZN16dynamic_vino_lib22PersonAttribsDetectionC2Ed
FNDA:0,_ZNK16dynamic_vino_lib22PersonAttribsDetection16getResultsLengthEv
FNF:13
FNH:2
BRDA:34,0,2,-
BRDA:34,0,3,-
BRDA:34,1,5,-
BRDA:34,1,6,-
BRDA:34,2,8,-
BRDA:34,2,9,-
BRDA:34,3,11,-
BRDA:34,3,12,-
BRDA:34,4,14,-
BRDA:34,4,15,-
BRDA:34,5,17,-
BRDA:34,5,18,-
BRDA:34,6,20,-
BRDA:34,6,21,-
BRDA:34,9,22,-
BRDA:34,9,23,-
BRDA:34,10,24,-
BRDA:34,10,25,-
BRDA:47,0,0,-
BRDA:47,0,1,-
BRDA:50,4294967295,1,-
BRDA:50,4294967295,2,-
BRDA:50,0,3,-
BRDA:50,0,4,-
BRDA:56,4294967295,1,-
BRDA:56,4294967295,2,-
BRDA:68,4294967295,0,-
BRDA:68,4294967295,1,-
BRDA:72,0,1,-
BRDA:72,0,2,-
BRDA:74,0,1,-
BRDA:74,0,2,-
BRDA:74,1,3,-
BRDA:74,1,4,-
BRDA:76,0,1,-
BRDA:76,0,2,-
BRDA:77,0,0,-
BRDA:77,0,1,-
BRDA:78,0,0,-
BRDA:78,0,1,-
BRDA:78,1,3,-
BRDA:78,1,4,-
BRDA:78,2,6,-
BRDA:78,2,7,-
BRDA:84,0,0,-
BRDA:84,0,1,-
BRDA:107,0,0,-
BRDA:107,0,1,-
BRDA:115,0,0,-
BRDA:115,0,1,-
BRDA:120,1,0,-
BRDA:120,1,1,-
BRDA:120,2,3,-
BRDA:120,2,4,-
BRDA:121,0,1,-
BRDA:121,0,2,-
BRDA:124,3,1,20
BRDA:124,3,2,0
BRDA:124,4,3,20
BRDA:124,4,4,0
BRF:60
BRH:2
DA:28,0
DA:29,0
DA:30,0
DA:33,0
DA:34,0
DA:37,0
DA:41,0
DA:42,0
DA:44,0
DA:47,0
DA:48,0
DA:50,0
DA:51,0
DA:55,0
DA:56,0
DA:60,0
DA:62,0
DA:65,0
DA:67,0
DA:68,0
DA:70,0
DA:72,0
DA:73,0
DA:74,0
DA:75,0
DA:76,0
DA:77,0
DA:78,0
DA:79,0
DA:81,0
DA:84,0
DA:88,0
DA:90,0
DA:94,0
DA:96,0
DA:99,0
DA:101,0
DA:104,0
DA:107,0
DA:108,0
DA:110,0
DA:112,0
DA:115,0
DA:116,0
DA:117,0
DA:120,0
DA:121,0
DA:123,0
DA:124,80
LF:49
LH:1
end_of_record
TN:
SF:/home/intel/ros2_overlay_ws/src/ros2_openvino_toolkit/dynamic_vino_lib/src/inferences/person_reidentification.cpp
FN:28,_ZN16dynamic_vino_lib28PersonReidentificationResultC2ERKN2cv5Rect_IiEE
FN:63,_ZN16dynamic_vino_lib22PersonReidentification13submitRequestEv
FN:88,_ZNK16dynamic_vino_lib22PersonReidentification16getResultsLengthEv
FN:94,_ZNK16dynamic_vino_lib22PersonReidentification17getLocationResultEi
FN:104,_ZN16dynamic_vino_lib22PersonReidentification13observeOutputERKSt10shared_ptrIN7Outputs10BaseOutputEE
FN:112,_ZNK16dynamic_vino_lib22PersonReidentification15getFilteredROIsENSt7__cxx1112basic_stringIcSt11char_traitsIcESaIcEEE
FN:124,_Z41__static_initialization_and_destruction_0ii
FN:124,_GLOBAL__sub_I_person_reidentification.cpp
FNDA:0,_ZN16dynamic_vino_lib22PersonReidentification13submitRequestEv
FNDA:0,_ZN16dynamic_vino_lib22PersonReidentification12fetchResultsEv
FNDA:0,_ZNK16dynamic_vino_lib22PersonReidentification17getLocationResultEi
FNDA:0,_ZNK16dynamic_vino_lib22PersonReidentification7getNameB5cxx11Ev
FNDA:0,_ZN16dynamic_vino_lib22PersonReidentification7enqueueERKN2cv3MatERKNS1_5Rect_IiEE
FNDA:20,_GLOBAL__sub_I_person_reidentification.cpp
FNDA:0,_ZN16dynamic_vino_lib22PersonReidentification11loadNetworkESt10shared_ptrIN6Models27PersonReidentificationModelEE
FNDA:0,_ZNK16dynamic_vino_lib22PersonReidentification16getResultsLengthEv
FNDA:0,_ZNK16dynamic_vino_lib22PersonReidentification15getFilteredROIsENSt7__cxx1112basic_stringIcSt11char_traitsIcESaIcEEE
FNDA:0,_ZN16dynamic_vino_lib28PersonReidentificationResultC2ERKN2cv5Rect_IiEE
FNDA:0,_ZN16dynamic_vino_lib22PersonReidentificationC2Ed
FNDA:0,_ZN16dynamic_vino_lib22PersonReidentification13observeOutputERKSt10shared_ptrIN7Outputs10BaseOutputEE
FNDA:20,_Z41__static_initialization_and_destruction_0ii
FNF:13
FNH:2
BRDA:50,0,0,-
BRDA:50,0,1,-
BRDA:53,4294967295,1,-
BRDA:53,4294967295,2,-
BRDA:53,0,3,-
BRDA:53,0,4,-
BRDA:59,4294967295,1,-
BRDA:59,4294967295,2,-
BRDA:71,4294967295,0,-
BRDA:71,4294967295,1,-
BRDA:75,0,1,-
BRDA:75,0,2,-
BRDA:76,0,1,-
BRDA:76,0,2,-
BRDA:76,1,3,-
BRDA:76,1,4,-
BRDA:78,0,1,-
BRDA:78,0,2,-
BRDA:79,0,1,-
BRDA:79,0,2,-
BRDA:80,0,1,-
BRDA:80,0,2,-
BRDA:84,0,0,-
BRDA:84,0,1,-
BRDA:107,0,0,-
BRDA:107,0,1,-
BRDA:115,0,0,-
BRDA:115,0,1,-
BRDA:120,1,0,-
BRDA:120,1,1,-
BRDA:120,2,3,-
BRDA:120,2,4,-
BRDA:121,0,1,-
BRDA:121,0,2,-
BRDA:124,3,1,20
BRDA:124,3,2,0
BRDA:124,4,3,20
BRDA:124,4,4,0
BRF:38
BRH:2
DA:28,0
DA:29,0
DA:30,0
DA:33,0
DA:34,0
DA:36,0
DA:37,0
DA:40,0
DA:44,0
DA:45,0
DA:47,0
[...]
BRDA:61,1,4,1
BRDA:61,1,5,2
BRDA:61,2,7,1
BRDA:61,2,8,0
BRDA:61,3,10,1
BRDA:61,3,11,0
BRDA:61,4,14,1
BRDA:61,4,15,0
BRDA:61,5,17,1
BRDA:61,5,18,0
BRDA:62,0,1,1
BRDA:62,0,2,0
BRDA:63,4294967295,1,1
BRDA:63,4294967295,2,0
BRDA:64,0,1,1
BRDA:64,0,2,0
BRDA:64,2,5,1
BRDA:64,2,6,0
BRDA:68,4294967295,5,3
BRDA:68,4294967295,6,0
BRDA:68,0,8,3
BRDA:68,0,9,0
BRDA:68,1,11,3
BRDA:68,1,12,0
BRDA:70,0,1,3
BRDA:70,0,2,0
BRDA:71,0,1,3
BRDA:71,0,2,0
BRDA:71,1,4,3
BRDA:71,1,5,0
BRDA:71,2,7,3
BRDA:71,2,8,0
BRDA:72,0,1,3
BRDA:72,0,2,0
BRDA:73,0,1,3
BRDA:73,0,2,0
BRDA:78,0,1,2
BRDA:78,0,2,0
BRDA:81,4294967295,1,3
BRDA:81,4294967295,2,0
BRDA:81,0,4,3
BRDA:81,0,5,0
BRDA:82,4294967295,2,3
BRDA:82,4294967295,3,0
BRDA:86,4294967295,5,3
BRDA:86,4294967295,6,0
BRDA:86,0,8,3
BRDA:86,0,9,0
BRDA:88,4294967295,2,3
BRDA:88,4294967295,3,0
BRDA:88,0,5,3
BRDA:88,0,6,0
BRDA:90,0,2,3
BRDA:90,0,3,0
BRDA:92,0,2,1
BRDA:92,0,3,2
BRDA:92,1,5,1
BRDA:92,1,6,0
BRDA:92,2,8,1
BRDA:92,2,9,0
BRDA:92,3,12,1
BRDA:92,3,13,0
BRDA:92,4,15,1
BRDA:92,4,16,0
BRDA:98,0,1,3
BRDA:98,0,2,0
BRDA:99,0,1,3
BRDA:99,0,2,0
BRDA:99,1,4,3
BRDA:99,1,5,0
BRDA:99,2,7,3
BRDA:99,2,8,0
BRDA:101,4294967295,1,3
BRDA:101,4294967295,2,0
BRDA:102,0,1,3
BRDA:102,0,2,0
BRDA:103,0,1,3
BRDA:103,0,2,0
BRDA:104,0,2,3
BRDA:104,0,3,0
BRDA:104,1,6,3
BRDA:104,1,7,0
BRDA:106,3,1,3
BRDA:106,3,2,0
BRDA:106,4,3,3
BRDA:106,4,4,0
BRF:92
BRH:48
DA:52,3
DA:58,3
DA:59,3
DA:60,3
DA:61,4
DA:62,1
DA:63,1
DA:64,2
DA:66,3
DA:68,24
DA:70,6
DA:71,3
DA:72,6
DA:73,6
DA:76,2
DA:77,2
DA:78,2
DA:79,2
DA:81,6
DA:82,3
DA:86,6
DA:88,23
DA:90,3
DA:92,3
DA:94,3
DA:96,3
DA:98,3
DA:99,3
DA:100,3
DA:101,3
DA:102,3
DA:103,3
DA:104,3
DA:105,3
DA:106,12
LF:35
LH:35
end_of_record
TN:
SF:/home/intel/ros2_overlay_ws/src/ros2_openvino_toolkit/vino_param_lib/include/vino_param_lib/param_manager.hpp
FN:61,_ZN6Params12ParamManager16InferenceRawDataC2EOS1_
FN:61,_ZN6Params12ParamManager16InferenceRawDataD2Ev
FN:61,_ZN6Params12ParamManager16InferenceRawDataC2ERKS1_
FN:61,_ZN6Params12ParamManager16InferenceRawDataC2Ev
FN:73,_ZN6Params12ParamManager13FilterRawDataD2Ev
FN:73,_ZN6Params12ParamManager13FilterRawDataC2ERKS1_
FN:73,_ZN6Params12ParamManager13FilterRawDataC2EOS1_
FN:73,_ZN6Params12ParamManager13FilterRawDataC2Ev
FN:80,_ZN6Params12ParamManager15PipelineRawDataC2EOS1_
FN:80,_ZN6Params12ParamManager15PipelineRawDataC2Ev
FN:80,_ZN6Params12ParamManager15PipelineRawDataD2Ev
FN:80,_ZN6Params12ParamManager15PipelineRawDataC2ERKS1_
FNDA:0,_ZN6Params12ParamManager15PipelineRawDataD2Ev
FNDA:0,_ZN6Params12ParamManager15PipelineRawDataC2ERKS1_
FNDA:22,_ZN6Params12ParamManager16InferenceRawDataC2Ev
FNDA:0,_ZN6Params12ParamManager13FilterRawDataC2Ev
FNDA:0,_ZN6Params12ParamManager13FilterRawDataC2EOS1_
FNDA:0,_ZN6Params12ParamManager16InferenceRawDataD2Ev
FNDA:0,_ZN6Params12ParamManager16InferenceRawDataC2ERKS1_
FNDA:0,_ZN6Params12ParamManager15PipelineRawDataC2EOS1_
FNDA:0,_ZN6Params12ParamManager13FilterRawDataD2Ev
FNDA:0,_ZN6Params12ParamManager13FilterRawDataC2ERKS1_
FNDA:12,_ZN6Params12ParamManager16InferenceRawDataC2EOS1_
FNDA:10,_ZN6Params12ParamManager15PipelineRawDataC2Ev
FNF:12
FNH:3
BRDA:61,3,7,-
BRDA:61,3,8,-
BRDA:61,4,10,-
BRDA:61,4,11,-
BRDA:61,5,13,-
BRDA:61,5,14,-
BRDA:61,6,16,-
BRDA:61,6,17,-
BRDA:73,3,5,-
BRDA:73,3,6,-
BRDA:73,4,8,-
BRDA:73,4,9,-
BRDA:80,3,9,-
BRDA:80,3,10,-
BRDA:80,4,12,-
BRDA:80,4,13,-
BRDA:80,5,15,-
BRDA:80,5,16,-
BRDA:80,6,18,-
BRDA:80,6,19,-
BRDA:80,7,21,-
BRDA:80,7,22,-
BRDA:80,8,24,-
BRDA:80,8,25,-
BRF:24
BRH:0
DA:61,68
DA:73,0
DA:80,20
LF:3
LH:2
end_of_record
TN:
SF:/home/intel/ros2_overlay_ws/src/ros2_openvino_toolkit/vino_param_lib/include/vino_param_lib/slog.hpp
FN:44,_ZN4slog9LogStreamD2Ev
FN:55,_ZN4slog9LogStreamC2ERKNSt7__cxx1112basic_stringIcSt11char_traitsIcESaIcEEERSo
FN:66,_ZN4slog9LogStreamlsIA8_cEERS0_RKT_
FN:66,_ZN4slog9LogStreamlsIA23_cEERS0_RKT_
FN:66,_ZN4slog9LogStreamlsIbEERS0_RKT_
FN:66,_ZN4slog9LogStreamlsIfEERS0_RKT_
FN:66,_ZN4slog9LogStreamlsIA45_cEERS0_RKT_
FN:66,_ZN4slog9LogStreamlsINSt7__cxx1112basic_stringIcSt11char_traitsIcESaIcEEEEERS0_RKT_
FN:66,_ZN4slog9LogStreamlsIA38_cEERS0_RKT_
FN:66,_ZN4slog9LogStreamlsIA22_cEERS0_RKT_
FN:66,_ZN4slog9LogStreamlsIA28_cEERS0_RKT_
FN:66,_ZN4slog9LogStreamlsIA11_cEERS0_RKT_
FN:66,_ZN4slog9LogStreamlsIA9_cEERS0_RKT_
FN:66,_ZN4slog9LogStreamlsIA15_cEERS0_RKT_
FN:66,_ZN4slog9LogStreamlsIA3_cEERS0_RKT_
FN:66,_ZN4slog9LogStreamlsIA24_cEERS0_RKT_
FN:66,_ZN4slog9LogStreamlsIA25_cEERS0_RKT_
FN:66,_ZN4slog9LogStreamlsIA14_cEERS0_RKT_
FN:66,_ZN4slog9LogStreamlsIA10_cEERS0_RKT_
FN:66,_ZN4slog9LogStreamlsIiEERS0_RKT_
FN:66,_ZN4slog9LogStreamlsImEERS0_RKT_
FN:66,_ZN4slog9LogStreamlsIA16_cEERS0_RKT_
FN:66,_ZN4slog9LogStreamlsIA26_cEERS0_RKT_
FN:66,_ZN4slog9LogStreamlsIA18_cEERS0_RKT_
FN:66,_ZN4slog9LogStreamlsIPKcEERS0_RKT_
FN:78,_ZN4slog9LogStreamlsERKNS_16LogStreamEndLineE
FNDA:9,_ZN4slog9LogStreamlsIA15_cEERS0_RKT_
FNDA:28,_ZN4slog9LogStreamlsIA22_cEERS0_RKT_
FNDA:28,_ZN4slog9LogStreamlsIA28_cEERS0_RKT_
FNDA:36,_ZN4slog9LogStreamlsIA11_cEERS0_RKT_
FNDA:18,_ZN4slog9LogStreamlsIA9_cEERS0_RKT_
FNDA:36,_ZN4slog9LogStreamlsIbEERS0_RKT_
FNDA:18,_ZN4slog9LogStreamlsIfEERS0_RKT_
FNDA:231,_ZN4slog9LogStreamlsERKNS_16LogStreamEndLineE
FNDA:0,_ZN4slog9LogStreamD2Ev
FNDA:18,_ZN4slog9LogStreamlsIA8_cEERS0_RKT_
FNDA:14,_ZN4slog9LogStreamlsIA23_cEERS0_RKT_
FNDA:0,_ZN4slog9LogStreamlsIA38_cEERS0_RKT_
FNDA:18,_ZN4slog9LogStreamlsIA45_cEERS0_RKT_
FNDA:0,_ZN4slog9LogStreamlsINSt7__cxx1112basic_stringIcSt11char_traitsIcESaIcEEEEERS0_RKT_
FNDA:28,_ZN4slog9LogStreamlsIA16_cEERS0_RKT_
FNDA:18,_ZN4slog9LogStreamlsIA26_cEERS0_RKT_
FNDA:10,_ZN4slog9LogStreamlsIA18_cEERS0_RKT_
FNDA:8,_ZN4slog9LogStreamlsIPKcEERS0_RKT_
FNDA:18,_ZN4slog9LogStreamlsIA24_cEERS0_RKT_
FNDA:84,_ZN4slog9LogStreamlsIA3_cEERS0_RKT_
FNDA:10,_ZN4slog9LogStreamlsIiEERS0_RKT_
FNDA:20,_ZN4slog9LogStreamlsImEERS0_RKT_
FNDA:6,_ZN4slog9LogStreamC2ERKNSt7__cxx1112basic_stringIcSt11char_traitsIcESaIcEEERSo
FNDA:0,_ZN4slog9LogStreamlsIA25_cEERS0_RKT_
FNDA:9,_ZN4slog9LogStreamlsIA14_cEERS0_RKT_
FNDA:63,_ZN4slog9LogStreamlsIA10_cEERS0_RKT_
FNF:26
FNH:22
BRDA:68,0,0,28
BRDA:68,0,1,0
BRDA:68,1,2,18
BRDA:68,1,3,0
BRDA:68,2,4,18
BRDA:68,2,5,0
BRDA:68,3,6,9
BRDA:68,3,7,0
BRDA:68,4,8,0
BRDA:68,4,9,36
BRDA:68,5,10,18
BRDA:68,5,11,0
BRDA:68,6,12,0
BRDA:68,6,13,18
BRDA:68,7,14,-
BRDA:68,7,15,-
BRDA:68,8,16,0
BRDA:68,8,17,10
BRDA:68,9,18,18
BRDA:68,9,19,0
BRDA:68,10,20,9
BRDA:68,10,21,0
BRDA:68,11,22,33
BRDA:68,11,23,51
BRDA:68,12,24,0
BRDA:68,12,25,8
BRDA:68,13,26,63
BRDA:68,13,27,0
BRDA:68,14,28,36
BRDA:68,14,29,0
BRDA:68,15,30,18
BRDA:68,15,31,0
BRDA:68,16,32,14
BRDA:68,16,33,0
BRDA:68,17,34,10
BRDA:68,17,35,0
BRDA:68,18,36,28
BRDA:68,18,37,0
BRDA:68,19,38,-
BRDA:68,19,39,-
BRDA:68,20,40,-
BRDA:68,20,41,-
BRDA:68,21,42,0
BRDA:68,21,43,20
BRDA:68,22,44,28
BRDA:68,22,45,0
BRDA:87,4294967295,2,20
BRDA:87,4294967295,3,0
BRDA:87,0,5,20
BRDA:87,0,6,0
BRDA:88,4294967295,2,20
BRDA:88,4294967295,3,0
BRDA:88,0,5,20
BRDA:88,0,6,0
BRDA:89,4294967295,2,20
BRDA:89,4294967295,3,0
BRDA:89,0,5,20
BRDA:89,0,6,0
BRF:58
BRH:27
DA:44,0
DA:55,6
DA:56,6
DA:58,6
DA:59,6
DA:66,491
DA:68,491
DA:69,348
DA:70,348
DA:73,491
DA:74,491
DA:78,231
DA:80,231
DA:82,231
DA:83,231
DA:87,20
DA:88,20
DA:89,20
LF:18
LH:17
end_of_record
TN:
SF:/home/intel/ros2_overlay_ws/src/ros2_openvino_toolkit/vino_param_lib/src/param_manager.cpp
FN:52,_ZN6ParamsrsERKN4YAML4NodeERSt6vectorINS_12ParamManager15PipelineRawDataESaIS6_EE
FN:62,_ZN6ParamsrsERKN4YAML4NodeERNS_12ParamManager13CommonRawDataE
FN:70,_ZN6ParamsrsERKN4YAML4NodeERNS_12ParamManager15PipelineRawDataE
FN:82,_ZN6ParamsrsERKN4YAML4NodeERSt6vectorINS_12ParamManager16InferenceRawDataESaIS6_EE
FN:92,_ZN6ParamsrsERKN4YAML4NodeERNS_12ParamManager16InferenceRawDataE
FN:108,_ZN6ParamsrsERKN4YAML4NodeERSt6vectorINSt7__cxx1112basic_stringIcSt11char_traitsIcESaIcEEESaISA_EE
FN:117,_ZN6ParamsrsERKN4YAML4NodeERSt8multimapINSt7__cxx1112basic_stringIcSt11char_traitsIcESaIcEEESA_St4lessISA_ESaISt4pairIKSA_SA_EEE
FN:135,_ZN6ParamsrsERKN4YAML4NodeERSt6vectorINS_12ParamManager13FilterRawDataESaIS6_EE
FN:153,_ZN6ParamsrsERKN4YAML4NodeERNSt7__cxx1112basic_stringIcSt11char_traitsIcESaIcEEE
FN:158,_ZN6ParamsrsERKN4YAML4NodeERb
FN:163,_ZN6ParamsrsERKN4YAML4NodeERi
FN:168,_ZN6ParamsrsERKN4YAML4NodeERf
FN:173,_ZNK6Params12ParamManager5printEv
FN:215,_ZN6Params12ParamManager5parseENSt7__cxx1112basic_stringIcSt11char_traitsIcESaIcEEE
FN:228,_ZNK6Params12ParamManager16getPipelineNamesB5cxx11Ev
FN:238,_ZNK6Params12ParamManager11getPipelineERKNSt7__cxx1112basic_stringIcSt11char_traitsIcESaIcEEE
FN:247,_GLOBAL__sub_I_param_manager.cpp
FN:247,_Z41__static_initialization_and_destruction_0ii
FNDA:10,_ZN6ParamsrsERKN4YAML4NodeERNS_12ParamManager15PipelineRawDataE
FNDA:20,_GLOBAL__sub_I_param_manager.cpp
FNDA:0,_ZNK6Params12ParamManager11getPipelineERKNSt7__cxx1112basic_stringIcSt11char_traitsIcESaIcEEE
FNDA:22,_ZN6ParamsrsERKN4YAML4NodeERNS_12ParamManager16InferenceRawDataE
FNDA:10,_ZN6ParamsrsERKN4YAML4NodeERSt8multimapINSt7__cxx1112basic_stringIcSt11char_traitsIcESaIcEEESA_St4lessISA_ESaISt4pairIKSA_SA_EEE
FNDA:10,_ZN6ParamsrsERKN4YAML4NodeERNS_12ParamManager13CommonRawDataE
FNDA:0,_ZNK6Params12ParamManager16getPipelineNamesB5cxx11Ev
FNDA:22,_ZN6ParamsrsERKN4YAML4NodeERf
FNDA:10,_ZN6ParamsrsERKN4YAML4NodeERSt6vectorINS_12ParamManager13FilterRawDataESaIS6_EE
FNDA:32,_ZN6ParamsrsERKN4YAML4NodeERb
FNDA:10,_ZN6ParamsrsERKN4YAML4NodeERSt6vectorINS_12ParamManager16InferenceRawDataESaIS6_EE
FNDA:10,_ZN6ParamsrsERKN4YAML4NodeERSt6vectorINS_12ParamManager15PipelineRawDataESaIS6_EE
FNDA:20,_ZN6ParamsrsERKN4YAML4NodeERSt6vectorINSt7__cxx1112basic_stringIcSt11char_traitsIcESaIcEEESaISA_EE
FNDA:18,_ZNK6Params12ParamManager5printEv
FNDA:22,_ZN6ParamsrsERKN4YAML4NodeERi
FNDA:20,_ZN6Params12ParamManager5parseENSt7__cxx1112basic_stringIcSt11char_traitsIcESaIcEEE
FNDA:20,_Z41__static_initialization_and_destruction_0ii
FNDA:285,_ZN6ParamsrsERKN4YAML4NodeERNSt7__cxx1112basic_stringIcSt11char_traitsIcESaIcEEE
FNF:18
FNH:16
BRDA:54,0,3,10
BRDA:54,0,4,0
BRDA:54,1,6,10
BRDA:54,1,7,0
BRDA:55,1,1,20
BRDA:55,1,2,0
BRDA:55,2,3,10
BRDA:55,2,4,10
BRDA:57,4294967295,1,10
BRDA:57,4294967295,2,0
BRDA:57,0,4,10
BRDA:57,0,5,0
BRDA:58,4294967295,1,10
BRDA:58,4294967295,2,0
BRDA:64,0,1,10
BRDA:64,0,2,0
BRDA:64,1,4,0
BRDA:64,1,5,10
BRDA:64,5,8,10
BRDA:64,5,9,0
BRDA:64,6,13,10
BRDA:64,6,14,0
BRDA:64,7,16,10
BRDA:64,7,17,0
BRDA:64,8,22,-
BRDA:64,8,23,-
BRDA:64,8,25,-
BRDA:64,8,26,-
BRDA:65,0,1,10
BRDA:65,0,2,0
BRDA:65,1,4,0
BRDA:65,1,5,10
BRDA:65,5,8,10
BRDA:65,5,9,0
BRDA:65,6,13,10
BRDA:65,6,14,0
BRDA:65,7,16,10
BRDA:65,7,17,0
BRDA:65,8,22,-
BRDA:65,8,23,-
BRDA:65,8,25,-
BRDA:65,8,26,-
BRDA:66,0,1,10
BRDA:66,0,2,0
BRDA:66,1,4,0
BRDA:66,1,5,10
BRDA:66,5,8,10
BRDA:66,5,9,0
BRDA:66,6,13,10
BRDA:66,6,14,0
BRDA:66,7,16,10
BRDA:66,7,17,0
BRDA:66,8,22,-
BRDA:66,8,23,-
BRDA:66,8,25,-
BRDA:66,8,26,-
BRDA:67,0,1,10
BRDA:67,0,2,0
BRDA:67,1,4,0
BRDA:67,1,5,10
BRDA:67,5,8,10
BRDA:67,5,9,0
BRDA:67,6,13,10
BRDA:67,6,14,0
BRDA:67,7,16,10
BRDA:67,7,17,0
BRDA:67,8,22,-
BRDA:67,8,23,-
BRDA:67,8,25,-
BRDA:67,8,26,-
BRDA:72,0,1,10
BRDA:72,0,2,0
BRDA:72,1,4,10
BRDA:72,1,5,0
BRDA:72,2,8,-
BRDA:72,2,9,-
BRDA:72,2,13,-
BRDA:72,2,14,-
BRDA:72,2,16,-
BRDA:72,2,17,-
BRDA:72,2,22,-
BRDA:72,2,23,-
BRDA:72,2,25,-
BRDA:72,2,26,-
BRDA:73,0,1,10
BRDA:73,0,2,0
BRDA:73,1,4,10
BRDA:73,1,5,0
BRDA:73,2,8,-
BRDA:73,2,9,-
BRDA:73,2,13,-
BRDA:73,2,14,-
BRDA:73,2,16,-
BRDA:73,2,17,-
BRDA:73,2,22,-
BRDA:73,2,23,-
BRDA:73,2,25,-
BRDA:73,2,26,-
BRDA:74,0,1,10
BRDA:74,0,2,0
BRDA:74,1,4,10
BRDA:74,1,5,0
BRDA:74,2,8,-
BRDA:74,2,9,-
BRDA:74,2,13,-
BRDA:74,2,14,-
BRDA:74,2,16,-
BRDA:74,2,17,-
BRDA:74,2,22,-
BRDA:74,2,23,-
BRDA:74,2,25,-
BRDA:74,2,26,-
BRDA:75,0,1,10
BRDA:75,0,2,0
BRDA:75,1,4,10
BRDA:75,1,5,0
BRDA:75,2,8,-
BRDA:75,2,9,-
BRDA:75,2,13,-
BRDA:75,2,14,-
BRDA:75,2,16,-
BRDA:75,2,17,-
BRDA:75,2,22,-
BRDA:75,2,23,-
BRDA:75,2,25,-
BRDA:75,2,26,-
BRDA:76,0,1,10
BRDA:76,0,2,0
BRDA:76,1,4,10
BRDA:76,1,5,0
BRDA:76,2,8,-
BRDA:76,2,9,-
BRDA:76,2,13,-
BRDA:76,2,14,-
BRDA:76,2,16,-
BRDA:76,2,17,-
BRDA:76,2,22,-
BRDA:76,2,23,-
BRDA:76,2,25,-
BRDA:76,2,26,-
BRDA:77,0,1,10
BRDA:77,0,2,0
BRDA:77,1,4,10
BRDA:77,1,5,0
BRDA:77,2,8,-
BRDA:77,2,9,-
BRDA:77,2,13,-
BRDA:77,2,14,-
BRDA:77,2,16,-
BRDA:77,2,17,-
BRDA:77,2,22,-
BRDA:77,2,23,-
BRDA:77,2,25,-
BRDA:77,2,26,-
BRDA:78,0,1,10
BRDA:78,0,2,0
BRDA:78,1,4,4
BRDA:78,1,5,6
BRDA:78,5,8,6
BRDA:78,5,9,0
BRDA:78,6,13,6
BRDA:78,6,14,0
BRDA:78,7,16,6
BRDA:78,7,17,0
BRDA:78,8,22,-
BRDA:78,8,23,-
BRDA:78,8,25,-
BRDA:78,8,26,-
BRDA:84,0,3,10
BRDA:84,0,4,0
BRDA:84,1,6,10
BRDA:84,1,7,0
BRDA:85,1,1,32
BRDA:85,1,2,0
BRDA:85,2,3,22
BRDA:85,2,4,10
BRDA:87,4294967295,1,22
BRDA:87,4294967295,2,0
BRDA:87,0,4,22
BRDA:87,0,5,0
BRDA:88,4294967295,1,22
BRDA:88,4294967295,2,0
BRDA:94,0,1,22
BRDA:94,0,2,0
BRDA:94,1,4,22
BRDA:94,1,5,0
BRDA:94,2,8,-
BRDA:94,2,9,-
BRDA:94,2,13,-
BRDA:94,2,14,-
BRDA:94,2,16,-
BRDA:94,2,17,-
BRDA:94,2,22,-
BRDA:94,2,23,-
BRDA:94,2,25,-
BRDA:94,2,26,-
BRDA:95,0,1,22
BRDA:95,0,2,0
BRDA:95,1,4,22
BRDA:95,1,5,0
BRDA:95,2,8,-
BRDA:95,2,9,-
BRDA:95,2,13,-
BRDA:95,2,14,-
BRDA:95,2,16,-
BRDA:95,2,17,-
BRDA:95,2,22,-
BRDA:95,2,23,-
BRDA:95,2,25,-
BRDA:95,2,26,-
BRDA:96,0,1,22
BRDA:96,0,2,0
BRDA:96,1,4,0
BRDA:96,1,5,22
BRDA:96,5,8,22
BRDA:96,5,9,0
BRDA:96,6,13,22
BRDA:96,6,14,0
BRDA:96,7,16,22
BRDA:96,7,17,0
BRDA:96,8,22,-
BRDA:96,8,23,-
BRDA:96,8,25,-
BRDA:96,8,26,-
BRDA:97,0,1,22
BRDA:97,0,2,0
BRDA:97,1,4,22
BRDA:97,1,5,0
BRDA:97,2,8,-
BRDA:97,2,9,-
BRDA:97,2,13,-
BRDA:97,2,14,-
BRDA:97,2,16,-
BRDA:97,2,17,-
BRDA:97,2,22,-
BRDA:97,2,23,-
BRDA:97,2,25,-
BRDA:97,2,26,-
BRDA:98,0,1,22
BRDA:98,0,2,0
BRDA:98,1,4,22
BRDA:98,1,5,0
BRDA:98,2,8,-
BRDA:98,2,9,-
BRDA:98,2,13,-
BRDA:98,2,14,-
BRDA:98,2,16,-
BRDA:98,2,17,-
BRDA:98,2,22,-
BRDA:98,2,23,-
BRDA:98,2,25,-
BRDA:98,2,26,-
BRDA:99,0,1,22
BRDA:99,0,2,0
BRDA:99,1,4,22
BRDA:99,1,5,0
BRDA:99,2,8,-
BRDA:99,2,9,-
BRDA:99,2,13,-
BRDA:99,2,14,-
BRDA:99,2,16,-
BRDA:99,2,17,-
BRDA:99,2,22,-
BRDA:99,2,23,-
BRDA:99,2,25,-
BRDA:99,2,26,-
BRDA:100,0,1,22
BRDA:100,0,2,0
BRDA:100,1,4,13
BRDA:100,1,5,9
BRDA:100,5,8,9
BRDA:100,5,9,0
BRDA:100,6,13,9
BRDA:100,6,14,0
BRDA:100,7,16,9
BRDA:100,7,17,0
BRDA:100,8,22,-
BRDA:100,8,23,-
BRDA:100,8,25,-
BRDA:100,8,26,-
BRDA:101,0,1,22
BRDA:101,0,2,0
BRDA:101,1,4,10
BRDA:101,1,5,12
BRDA:101,5,8,12
BRDA:101,5,9,0
BRDA:101,6,13,12
BRDA:101,6,14,0
BRDA:101,7,16,12
BRDA:101,7,17,0
BRDA:101,8,22,-
BRDA:101,8,23,-
BRDA:101,8,25,-
BRDA:101,8,26,-
BRDA:102,0,1,22
BRDA:102,0,2,0
BRDA:110,1,1,40
BRDA:110,1,2,0
BRDA:110,2,3,20
BRDA:110,2,4,20
BRDA:112,4294967295,1,20
BRDA:112,4294967295,2,0
BRDA:112,0,4,20
BRDA:112,0,5,0
BRDA:113,4294967295,1,20
BRDA:113,4294967295,2,0
BRDA:119,1,1,42
BRDA:119,1,2,0
BRDA:119,2,3,32
BRDA:119,2,4,10
BRDA:121,4294967295,1,32
BRDA:121,4294967295,2,0
BRDA:121,0,4,32
BRDA:121,0,5,0
BRDA:121,1,7,32
BRDA:121,1,8,0
BRDA:122,4294967295,1,32
BRDA:122,4294967295,2,0
BRDA:122,0,4,32
BRDA:122,0,5,0
BRDA:123,0,1,73
BRDA:123,0,2,0
BRDA:123,1,3,41
BRDA:123,1,4,32
BRDA:125,4294967295,1,41
BRDA:125,4294967295,2,0
BRDA:125,0,4,41
BRDA:125,0,5,0
BRDA:125,1,7,0
BRDA:125,1,8,41
BRDA:126,0,1,-
BRDA:126,0,2,-
BRDA:126,1,4,-
BRDA:126,1,5,-
BRDA:126,2,7,-
BRDA:126,2,8,-
BRDA:126,3,11,-
BRDA:126,3,12,-
BRDA:128,0,1,41
BRDA:128,0,2,0
BRDA:128,1,4,41
BRDA:128,1,5,0
BRDA:130,0,1,41
BRDA:130,0,2,0
BRDA:130,1,4,41
BRDA:130,1,5,0
BRDA:137,1,1,42
BRDA:137,1,2,0
BRDA:137,2,3,32
BRDA:137,2,4,10
BRDA:139,4294967295,1,32
BRDA:139,4294967295,2,0
BRDA:139,0,4,32
BRDA:139,0,5,0
BRDA:139,1,7,32
BRDA:139,1,8,0
BRDA:140,4294967295,1,32
BRDA:140,4294967295,2,0
BRDA:140,0,4,32
BRDA:140,0,5,0
BRDA:141,0,1,73
BRDA:141,0,2,0
BRDA:141,1,3,41
BRDA:141,1,4,32
BRDA:142,0,1,41
BRDA:142,0,2,0
BRDA:142,1,4,41
BRDA:142,1,5,0
BRDA:142,2,7,0
BRDA:142,2,8,41
BRDA:144,4294967295,1,-
BRDA:144,4294967295,2,-
BRDA:145,0,1,-
BRDA:145,0,2,-
BRDA:145,1,4,-
BRDA:145,1,5,-
BRDA:145,2,7,-
BRDA:145,2,8,-
BRDA:145,3,11,-
BRDA:145,3,12,-
BRDA:146,4294967295,1,-
BRDA:146,4294967295,2,-
BRDA:146,0,4,-
BRDA:146,0,5,-
BRDA:146,1,7,-
BRDA:146,1,8,-
BRDA:146,2,11,-
BRDA:146,2,12,-
BRDA:147,4294967295,1,-
BRDA:147,4294967295,2,-
BRDA:176,0,3,9
BRDA:176,0,4,18
BRDA:177,4294967295,1,9
BRDA:177,4294967295,2,0
BRDA:177,0,4,9
BRDA:177,0,5,0
BRDA:177,1,7,9
BRDA:177,1,8,0
BRDA:178,0,1,9
BRDA:178,0,2,0
BRDA:179,1,3,9
BRDA:179,1,4,9
BRDA:180,4294967295,2,9
BRDA:180,4294967295,3,0
BRDA:180,0,5,9
BRDA:180,0,6,0
BRDA:182,0,1,9
BRDA:182,0,2,0
BRDA:184,0,1,9
BRDA:184,0,2,0
BRDA:185,1,3,9
BRDA:185,1,4,9
BRDA:186,4294967295,2,9
BRDA:186,4294967295,3,0
BRDA:186,0,5,9
BRDA:186,0,6,0
BRDA:188,0,1,9
BRDA:188,0,2,0
BRDA:190,0,1,9
BRDA:190,0,2,0
BRDA:190,1,4,9
BRDA:190,1,5,0
BRDA:191,1,3,18
BRDA:191,1,4,9
BRDA:192,4294967295,1,18
BRDA:192,4294967295,2,0
BRDA:192,0,4,18
BRDA:192,0,5,0
BRDA:192,1,7,18
BRDA:192,1,8,0
BRDA:193,0,1,18
BRDA:193,0,2,0
BRDA:193,1,4,18
BRDA:193,1,5,0
BRDA:193,2,7,18
BRDA:193,2,8,0
BRDA:194,0,1,18
BRDA:194,0,2,0
BRDA:194,1,4,18
BRDA:194,1,5,0
BRDA:194,2,7,18
BRDA:194,2,8,0
BRDA:195,0,1,18
BRDA:195,0,2,0
BRDA:195,1,4,18
BRDA:195,1,5,0
BRDA:195,2,7,18
BRDA:195,2,8,0
BRDA:196,0,1,18
BRDA:196,0,2,0
BRDA:196,1,4,18
BRDA:196,1,5,0
BRDA:196,2,7,18
BRDA:196,2,8,0
BRDA:197,0,1,18
BRDA:197,0,2,0
BRDA:197,1,4,18
BRDA:197,1,5,0
BRDA:197,2,7,18
BRDA:197,2,8,0
BRDA:198,0,1,18
BRDA:198,0,2,0
BRDA:198,1,4,18
BRDA:198,1,5,0
BRDA:198,2,7,18
BRDA:198,2,8,0
BRDA:201,0,1,9
BRDA:201,0,2,0
BRDA:201,1,4,9
BRDA:201,1,5,0
BRDA:202,1,3,33
BRDA:202,1,4,9
BRDA:203,4294967295,1,33
BRDA:203,4294967295,2,0
BRDA:203,0,4,33
BRDA:203,0,5,0
BRDA:203,1,7,33
BRDA:203,1,8,0
BRDA:203,2,10,33
BRDA:203,2,11,0
BRDA:203,3,13,33
BRDA:203,3,14,0
BRDA:217,0,1,20
BRDA:217,0,2,0
BRDA:218,0,1,20
BRDA:218,0,2,0
BRDA:218,1,3,10
BRDA:218,1,4,10
BRDA:219,0,1,10
BRDA:219,0,2,0
BRDA:219,1,4,10
BRDA:219,1,5,0
BRDA:219,2,7,10
BRDA:219,2,8,0
BRDA:222,0,1,10
BRDA:222,0,2,0
BRDA:222,2,5,10
BRDA:222,2,6,10
BRDA:224,0,1,10
BRDA:224,0,2,0
BRDA:224,1,4,10
BRDA:224,1,5,0
BRDA:224,2,8,-
BRDA:224,2,9,-
BRDA:224,2,13,-
BRDA:224,2,14,-
BRDA:224,2,16,-
BRDA:224,2,17,-
BRDA:224,2,22,-
BRDA:224,2,23,-
BRDA:224,2,25,-
BRDA:224,2,26,-
BRDA:224,2,28,-
BRDA:224,2,29,-
BRDA:225,0,1,10
BRDA:225,0,2,0
BRDA:225,1,4,10
BRDA:225,1,5,0
BRDA:225,2,8,-
BRDA:225,2,9,-
BRDA:225,2,13,-
BRDA:225,2,14,-
BRDA:225,2,16,-
BRDA:225,2,17,-
BRDA:225,2,22,-
BRDA:225,2,23,-
BRDA:225,2,25,-
BRDA:225,2,26,-
BRDA:225,2,28,-
BRDA:225,2,29,-
BRDA:231,0,3,-
BRDA:231,0,4,-
BRDA:232,4294967295,1,-
BRDA:232,4294967295,2,-
BRDA:240,1,3,-
BRDA:240,1,4,-
BRDA:241,4294967295,1,-
BRDA:241,4294967295,2,-
BRDA:242,0,1,-
BRDA:242,0,2,-
BRDA:245,0,2,-
BRDA:245,0,3,-
BRDA:245,1,5,-
BRDA:245,1,6,-
BRDA:245,2,8,-
BRDA:245,2,9,-
BRDA:247,3,1,20
BRDA:247,3,2,0
BRDA:247,4,3,20
BRDA:247,4,4,0
BRF:550
BRH:187
DA:52,10
DA:54,10
DA:55,20
DA:56,20
DA:57,10
DA:58,10
DA:60,10
DA:62,10
DA:64,10
DA:65,10
DA:66,10
DA:67,10
DA:68,10
DA:70,10
DA:72,10
DA:73,10
DA:74,10
DA:75,10
DA:76,10
DA:77,10
DA:78,10
DA:79,10
DA:80,10
DA:82,10
DA:84,10
DA:85,32
DA:86,44
DA:87,22
DA:88,22
DA:90,10
DA:92,22
DA:94,22
DA:95,22
DA:96,22
DA:97,22
DA:98,22
DA:99,22
DA:100,22
DA:101,22
DA:102,22
DA:103,22
DA:105,22
DA:106,22
DA:108,20
DA:110,40
DA:111,40
DA:112,20
DA:113,20
DA:115,20
DA:117,10
DA:119,42
DA:120,64
DA:121,32
DA:122,64
DA:123,73
DA:124,82
DA:125,41
DA:126,0
DA:128,41
DA:130,41
DA:133,10
DA:135,10
DA:137,42
DA:138,64
DA:139,32
DA:140,64
DA:141,73
DA:142,41
DA:143,0
DA:144,0
DA:145,0
DA:146,0
DA:147,0
DA:151,10
DA:153,285
DA:155,285
DA:156,227
DA:158,32
DA:160,32
DA:161,10
DA:163,22
DA:165,22
DA:166,22
DA:168,22
DA:170,22
DA:171,13
DA:173,18
DA:175,18
DA:176,27
DA:177,9
DA:178,9
DA:179,18
DA:180,9
DA:182,9
DA:184,9
DA:185,18
DA:186,9
DA:188,9
DA:190,9
DA:191,27
DA:192,18
DA:193,18
DA:194,18
DA:195,18
DA:196,18
DA:197,18
DA:198,18
DA:201,9
DA:202,42
DA:203,33
DA:208,18
DA:209,18
DA:210,18
DA:211,18
DA:212,18
DA:213,18
DA:215,20
DA:217,40
DA:218,20
DA:219,10
DA:220,10
DA:222,30
DA:224,10
DA:225,10
DA:228,0
DA:230,0
DA:231,0
DA:232,0
DA:235,0
DA:238,0
DA:240,0
DA:241,0
DA:242,0
DA:245,0
DA:247,80
LF:135
LH:119
end_of_record
